This is pdfTeX, Version 3.14159265-2.6-1.40.15 (TeX Live 2014/Debian) (preloaded format=pdflatex 2015.1.20)  23 APR 2015 10:54
entering extended mode
 restricted \write18 enabled.
 %&-line parsing enabled.
**Memoria.tex
(./Memoria.tex
LaTeX2e <2014/05/01>
Babel <3.9k> and hyphenation patterns for 79 languages loaded.
(/usr/share/texlive/texmf-dist/tex/latex/base/article.cls
Document Class: article 2007/10/19 v1.4h Standard LaTeX document class
(/usr/share/texlive/texmf-dist/tex/latex/base/size10.clo
File: size10.clo 2007/10/19 v1.4h Standard LaTeX file (size option)
)
\c@part=\count79
\c@section=\count80
\c@subsection=\count81
\c@subsubsection=\count82
\c@paragraph=\count83
\c@subparagraph=\count84
\c@figure=\count85
\c@table=\count86
\abovecaptionskip=\skip41
\belowcaptionskip=\skip42
\bibindent=\dimen102
)
(/usr/share/texlive/texmf-dist/tex/latex/base/inputenc.sty
Package: inputenc 2014/04/30 v1.2b Input encoding file
\inpenc@prehook=\toks14
\inpenc@posthook=\toks15

(/usr/share/texlive/texmf-dist/tex/latex/base/utf8.def
File: utf8.def 2008/04/05 v1.1m UTF-8 support for inputenc
Now handling font encoding OML ...
... no UTF-8 mapping file for font encoding OML
Now handling font encoding T1 ...
... processing UTF-8 mapping file for font encoding T1

(/usr/share/texlive/texmf-dist/tex/latex/base/t1enc.dfu
File: t1enc.dfu 2008/04/05 v1.1m UTF-8 support for inputenc
   defining Unicode char U+00A1 (decimal 161)
   defining Unicode char U+00A3 (decimal 163)
   defining Unicode char U+00AB (decimal 171)
   defining Unicode char U+00BB (decimal 187)
   defining Unicode char U+00BF (decimal 191)
   defining Unicode char U+00C0 (decimal 192)
   defining Unicode char U+00C1 (decimal 193)
   defining Unicode char U+00C2 (decimal 194)
   defining Unicode char U+00C3 (decimal 195)
   defining Unicode char U+00C4 (decimal 196)
   defining Unicode char U+00C5 (decimal 197)
   defining Unicode char U+00C6 (decimal 198)
   defining Unicode char U+00C7 (decimal 199)
   defining Unicode char U+00C8 (decimal 200)
   defining Unicode char U+00C9 (decimal 201)
   defining Unicode char U+00CA (decimal 202)
   defining Unicode char U+00CB (decimal 203)
   defining Unicode char U+00CC (decimal 204)
   defining Unicode char U+00CD (decimal 205)
   defining Unicode char U+00CE (decimal 206)
   defining Unicode char U+00CF (decimal 207)
   defining Unicode char U+00D0 (decimal 208)
   defining Unicode char U+00D1 (decimal 209)
   defining Unicode char U+00D2 (decimal 210)
   defining Unicode char U+00D3 (decimal 211)
   defining Unicode char U+00D4 (decimal 212)
   defining Unicode char U+00D5 (decimal 213)
   defining Unicode char U+00D6 (decimal 214)
   defining Unicode char U+00D8 (decimal 216)
   defining Unicode char U+00D9 (decimal 217)
   defining Unicode char U+00DA (decimal 218)
   defining Unicode char U+00DB (decimal 219)
   defining Unicode char U+00DC (decimal 220)
   defining Unicode char U+00DD (decimal 221)
   defining Unicode char U+00DE (decimal 222)
   defining Unicode char U+00DF (decimal 223)
   defining Unicode char U+00E0 (decimal 224)
   defining Unicode char U+00E1 (decimal 225)
   defining Unicode char U+00E2 (decimal 226)
   defining Unicode char U+00E3 (decimal 227)
   defining Unicode char U+00E4 (decimal 228)
   defining Unicode char U+00E5 (decimal 229)
   defining Unicode char U+00E6 (decimal 230)
   defining Unicode char U+00E7 (decimal 231)
   defining Unicode char U+00E8 (decimal 232)
   defining Unicode char U+00E9 (decimal 233)
   defining Unicode char U+00EA (decimal 234)
   defining Unicode char U+00EB (decimal 235)
   defining Unicode char U+00EC (decimal 236)
   defining Unicode char U+00ED (decimal 237)
   defining Unicode char U+00EE (decimal 238)
   defining Unicode char U+00EF (decimal 239)
   defining Unicode char U+00F0 (decimal 240)
   defining Unicode char U+00F1 (decimal 241)
   defining Unicode char U+00F2 (decimal 242)
   defining Unicode char U+00F3 (decimal 243)
   defining Unicode char U+00F4 (decimal 244)
   defining Unicode char U+00F5 (decimal 245)
   defining Unicode char U+00F6 (decimal 246)
   defining Unicode char U+00F8 (decimal 248)
   defining Unicode char U+00F9 (decimal 249)
   defining Unicode char U+00FA (decimal 250)
   defining Unicode char U+00FB (decimal 251)
   defining Unicode char U+00FC (decimal 252)
   defining Unicode char U+00FD (decimal 253)
   defining Unicode char U+00FE (decimal 254)
   defining Unicode char U+00FF (decimal 255)
   defining Unicode char U+0102 (decimal 258)
   defining Unicode char U+0103 (decimal 259)
   defining Unicode char U+0104 (decimal 260)
   defining Unicode char U+0105 (decimal 261)
   defining Unicode char U+0106 (decimal 262)
   defining Unicode char U+0107 (decimal 263)
   defining Unicode char U+010C (decimal 268)
   defining Unicode char U+010D (decimal 269)
   defining Unicode char U+010E (decimal 270)
   defining Unicode char U+010F (decimal 271)
   defining Unicode char U+0110 (decimal 272)
   defining Unicode char U+0111 (decimal 273)
   defining Unicode char U+0118 (decimal 280)
   defining Unicode char U+0119 (decimal 281)
   defining Unicode char U+011A (decimal 282)
   defining Unicode char U+011B (decimal 283)
   defining Unicode char U+011E (decimal 286)
   defining Unicode char U+011F (decimal 287)
   defining Unicode char U+0130 (decimal 304)
   defining Unicode char U+0131 (decimal 305)
   defining Unicode char U+0132 (decimal 306)
   defining Unicode char U+0133 (decimal 307)
   defining Unicode char U+0139 (decimal 313)
   defining Unicode char U+013A (decimal 314)
   defining Unicode char U+013D (decimal 317)
   defining Unicode char U+013E (decimal 318)
   defining Unicode char U+0141 (decimal 321)
   defining Unicode char U+0142 (decimal 322)
   defining Unicode char U+0143 (decimal 323)
   defining Unicode char U+0144 (decimal 324)
   defining Unicode char U+0147 (decimal 327)
   defining Unicode char U+0148 (decimal 328)
   defining Unicode char U+014A (decimal 330)
   defining Unicode char U+014B (decimal 331)
   defining Unicode char U+0150 (decimal 336)
   defining Unicode char U+0151 (decimal 337)
   defining Unicode char U+0152 (decimal 338)
   defining Unicode char U+0153 (decimal 339)
   defining Unicode char U+0154 (decimal 340)
   defining Unicode char U+0155 (decimal 341)
   defining Unicode char U+0158 (decimal 344)
   defining Unicode char U+0159 (decimal 345)
   defining Unicode char U+015A (decimal 346)
   defining Unicode char U+015B (decimal 347)
   defining Unicode char U+015E (decimal 350)
   defining Unicode char U+015F (decimal 351)
   defining Unicode char U+0160 (decimal 352)
   defining Unicode char U+0161 (decimal 353)
   defining Unicode char U+0162 (decimal 354)
   defining Unicode char U+0163 (decimal 355)
   defining Unicode char U+0164 (decimal 356)
   defining Unicode char U+0165 (decimal 357)
   defining Unicode char U+016E (decimal 366)
   defining Unicode char U+016F (decimal 367)
   defining Unicode char U+0170 (decimal 368)
   defining Unicode char U+0171 (decimal 369)
   defining Unicode char U+0178 (decimal 376)
   defining Unicode char U+0179 (decimal 377)
   defining Unicode char U+017A (decimal 378)
   defining Unicode char U+017B (decimal 379)
   defining Unicode char U+017C (decimal 380)
   defining Unicode char U+017D (decimal 381)
   defining Unicode char U+017E (decimal 382)
   defining Unicode char U+200C (decimal 8204)
   defining Unicode char U+2013 (decimal 8211)
   defining Unicode char U+2014 (decimal 8212)
   defining Unicode char U+2018 (decimal 8216)
   defining Unicode char U+2019 (decimal 8217)
   defining Unicode char U+201A (decimal 8218)
   defining Unicode char U+201C (decimal 8220)
   defining Unicode char U+201D (decimal 8221)
   defining Unicode char U+201E (decimal 8222)
   defining Unicode char U+2030 (decimal 8240)
   defining Unicode char U+2031 (decimal 8241)
   defining Unicode char U+2039 (decimal 8249)
   defining Unicode char U+203A (decimal 8250)
   defining Unicode char U+2423 (decimal 9251)
)
Now handling font encoding OT1 ...
... processing UTF-8 mapping file for font encoding OT1

(/usr/share/texlive/texmf-dist/tex/latex/base/ot1enc.dfu
File: ot1enc.dfu 2008/04/05 v1.1m UTF-8 support for inputenc
   defining Unicode char U+00A1 (decimal 161)
   defining Unicode char U+00A3 (decimal 163)
   defining Unicode char U+00B8 (decimal 184)
   defining Unicode char U+00BF (decimal 191)
   defining Unicode char U+00C5 (decimal 197)
   defining Unicode char U+00C6 (decimal 198)
   defining Unicode char U+00D8 (decimal 216)
   defining Unicode char U+00DF (decimal 223)
   defining Unicode char U+00E6 (decimal 230)
   defining Unicode char U+00EC (decimal 236)
   defining Unicode char U+00ED (decimal 237)
   defining Unicode char U+00EE (decimal 238)
   defining Unicode char U+00EF (decimal 239)
   defining Unicode char U+00F8 (decimal 248)
   defining Unicode char U+0131 (decimal 305)
   defining Unicode char U+0141 (decimal 321)
   defining Unicode char U+0142 (decimal 322)
   defining Unicode char U+0152 (decimal 338)
   defining Unicode char U+0153 (decimal 339)
   defining Unicode char U+2013 (decimal 8211)
   defining Unicode char U+2014 (decimal 8212)
   defining Unicode char U+2018 (decimal 8216)
   defining Unicode char U+2019 (decimal 8217)
   defining Unicode char U+201C (decimal 8220)
   defining Unicode char U+201D (decimal 8221)
)
Now handling font encoding OMS ...
... processing UTF-8 mapping file for font encoding OMS

(/usr/share/texlive/texmf-dist/tex/latex/base/omsenc.dfu
File: omsenc.dfu 2008/04/05 v1.1m UTF-8 support for inputenc
   defining Unicode char U+00A7 (decimal 167)
   defining Unicode char U+00B6 (decimal 182)
   defining Unicode char U+00B7 (decimal 183)
   defining Unicode char U+2020 (decimal 8224)
   defining Unicode char U+2021 (decimal 8225)
   defining Unicode char U+2022 (decimal 8226)
)
Now handling font encoding OMX ...
... no UTF-8 mapping file for font encoding OMX
Now handling font encoding U ...
... no UTF-8 mapping file for font encoding U
   defining Unicode char U+00A9 (decimal 169)
   defining Unicode char U+00AA (decimal 170)
   defining Unicode char U+00AE (decimal 174)
   defining Unicode char U+00BA (decimal 186)
   defining Unicode char U+02C6 (decimal 710)
   defining Unicode char U+02DC (decimal 732)
   defining Unicode char U+200C (decimal 8204)
   defining Unicode char U+2026 (decimal 8230)
   defining Unicode char U+2122 (decimal 8482)
   defining Unicode char U+2423 (decimal 9251)
))
(/usr/share/texlive/texmf-dist/tex/generic/babel/babel.sty
Package: babel 2014/03/24 3.9k The Babel package

(/usr/share/texlive/texmf-dist/tex/generic/babel-spanish/spanish.ldf
Language: spanish.ldf 2014/04/24 v5.0n Spanish support from the babel system

(/usr/share/texlive/texmf-dist/tex/generic/babel/babel.def
File: babel.def 2014/03/24 3.9k Babel common definitions
\babel@savecnt=\count87
\U@D=\dimen103
)
\es@quottoks=\toks16
\es@quotdepth=\count88
Package babel Info: Making " an active character on input line 516.
Package babel Info: Making . an active character on input line 617.
Package babel Info: Making < an active character on input line 662.
Package babel Info: Making > an active character on input line 662.
))
(/usr/share/texlive/texmf-dist/tex/latex/hyperref/hyperref.sty
Package: hyperref 2012/11/06 v6.83m Hypertext links for LaTeX

(/usr/share/texlive/texmf-dist/tex/generic/oberdiek/hobsub-hyperref.sty
Package: hobsub-hyperref 2012/05/28 v1.13 Bundle oberdiek, subset hyperref (HO)


(/usr/share/texlive/texmf-dist/tex/generic/oberdiek/hobsub-generic.sty
Package: hobsub-generic 2012/05/28 v1.13 Bundle oberdiek, subset generic (HO)
Package: hobsub 2012/05/28 v1.13 Construct package bundles (HO)
Package: infwarerr 2010/04/08 v1.3 Providing info/warning/error messages (HO)
Package: ltxcmds 2011/11/09 v1.22 LaTeX kernel commands for general use (HO)
Package: ifluatex 2010/03/01 v1.3 Provides the ifluatex switch (HO)
Package ifluatex Info: LuaTeX not detected.
Package: ifvtex 2010/03/01 v1.5 Detect VTeX and its facilities (HO)
Package ifvtex Info: VTeX not detected.
Package: intcalc 2007/09/27 v1.1 Expandable calculations with integers (HO)
Package: ifpdf 2011/01/30 v2.3 Provides the ifpdf switch (HO)
Package ifpdf Info: pdfTeX in PDF mode is detected.
Package: etexcmds 2011/02/16 v1.5 Avoid name clashes with e-TeX commands (HO)
Package etexcmds Info: Could not find \expanded.
(etexcmds)             That can mean that you are not using pdfTeX 1.50 or
(etexcmds)             that some package has redefined \expanded.
(etexcmds)             In the latter case, load this package earlier.
Package: kvsetkeys 2012/04/25 v1.16 Key value parser (HO)
Package: kvdefinekeys 2011/04/07 v1.3 Define keys (HO)
Package: pdftexcmds 2011/11/29 v0.20 Utility functions of pdfTeX for LuaTeX (HO
)
Package pdftexcmds Info: LuaTeX not detected.
Package pdftexcmds Info: \pdf@primitive is available.
Package pdftexcmds Info: \pdf@ifprimitive is available.
Package pdftexcmds Info: \pdfdraftmode found.
Package: pdfescape 2011/11/25 v1.13 Implements pdfTeX's escape features (HO)
Package: bigintcalc 2012/04/08 v1.3 Expandable calculations on big integers (HO
)
Package: bitset 2011/01/30 v1.1 Handle bit-vector datatype (HO)
Package: uniquecounter 2011/01/30 v1.2 Provide unlimited unique counter (HO)
)
Package hobsub Info: Skipping package `hobsub' (already loaded).
Package: letltxmacro 2010/09/02 v1.4 Let assignment for LaTeX macros (HO)
Package: hopatch 2012/05/28 v1.2 Wrapper for package hooks (HO)
Package: xcolor-patch 2011/01/30 xcolor patch
Package: atveryend 2011/06/30 v1.8 Hooks at the very end of document (HO)
Package atveryend Info: \enddocument detected (standard20110627).
Package: atbegshi 2011/10/05 v1.16 At begin shipout hook (HO)
Package: refcount 2011/10/16 v3.4 Data extraction from label references (HO)
Package: hycolor 2011/01/30 v1.7 Color options for hyperref/bookmark (HO)
)
(/usr/share/texlive/texmf-dist/tex/latex/graphics/keyval.sty
Package: keyval 2014/05/08 v1.15 key=value parser (DPC)
\KV@toks@=\toks17
)
(/usr/share/texlive/texmf-dist/tex/generic/ifxetex/ifxetex.sty
Package: ifxetex 2010/09/12 v0.6 Provides ifxetex conditional
)
(/usr/share/texlive/texmf-dist/tex/latex/oberdiek/auxhook.sty
Package: auxhook 2011/03/04 v1.3 Hooks for auxiliary files (HO)
)
(/usr/share/texlive/texmf-dist/tex/latex/oberdiek/kvoptions.sty
Package: kvoptions 2011/06/30 v3.11 Key value format for package options (HO)
)
\@linkdim=\dimen104
\Hy@linkcounter=\count89
\Hy@pagecounter=\count90

(/usr/share/texlive/texmf-dist/tex/latex/hyperref/pd1enc.def
File: pd1enc.def 2012/11/06 v6.83m Hyperref: PDFDocEncoding definition (HO)
Now handling font encoding PD1 ...
... no UTF-8 mapping file for font encoding PD1
)
\Hy@SavedSpaceFactor=\count91

(/usr/share/texlive/texmf-dist/tex/latex/latexconfig/hyperref.cfg
File: hyperref.cfg 2002/06/06 v1.2 hyperref configuration of TeXLive
)
Package hyperref Info: Hyper figures OFF on input line 4443.
Package hyperref Info: Link nesting OFF on input line 4448.
Package hyperref Info: Hyper index ON on input line 4451.
Package hyperref Info: Plain pages OFF on input line 4458.
Package hyperref Info: Backreferencing OFF on input line 4463.
Package hyperref Info: Implicit mode ON; LaTeX internals redefined.
Package hyperref Info: Bookmarks ON on input line 4688.
\c@Hy@tempcnt=\count92

(/usr/share/texlive/texmf-dist/tex/latex/url/url.sty
\Urlmuskip=\muskip10
Package: url 2013/09/16  ver 3.4  Verb mode for urls, etc.
)
LaTeX Info: Redefining \url on input line 5041.
\XeTeXLinkMargin=\dimen105
\Fld@menulength=\count93
\Field@Width=\dimen106
\Fld@charsize=\dimen107
Package hyperref Info: Hyper figures OFF on input line 6295.
Package hyperref Info: Link nesting OFF on input line 6300.
Package hyperref Info: Hyper index ON on input line 6303.
Package hyperref Info: backreferencing OFF on input line 6310.
Package hyperref Info: Link coloring OFF on input line 6315.
Package hyperref Info: Link coloring with OCG OFF on input line 6320.
Package hyperref Info: PDF/A mode OFF on input line 6325.
LaTeX Info: Redefining \ref on input line 6365.
LaTeX Info: Redefining \pageref on input line 6369.
\Hy@abspage=\count94
\c@Item=\count95
\c@Hfootnote=\count96
)

Package hyperref Message: Driver (autodetected): hpdftex.

(/usr/share/texlive/texmf-dist/tex/latex/hyperref/hpdftex.def
File: hpdftex.def 2012/11/06 v6.83m Hyperref driver for pdfTeX
\Fld@listcount=\count97
\c@bookmark@seq@number=\count98

(/usr/share/texlive/texmf-dist/tex/latex/oberdiek/rerunfilecheck.sty
Package: rerunfilecheck 2011/04/15 v1.7 Rerun checks for auxiliary files (HO)
Package uniquecounter Info: New unique counter `rerunfilecheck' on input line 2
82.
)
\Hy@SectionHShift=\skip43
)
(/usr/share/texlive/texmf-dist/tex/latex/tools/tabularx.sty
Package: tabularx 2014/05/13 v2.10 `tabularx' package (DPC)

(/usr/share/texlive/texmf-dist/tex/latex/tools/array.sty
Package: array 2008/09/09 v2.4c Tabular extension package (FMi)
\col@sep=\dimen108
\extrarowheight=\dimen109
\NC@list=\toks18
\extratabsurround=\skip44
\backup@length=\skip45
)
\TX@col@width=\dimen110
\TX@old@table=\dimen111
\TX@old@col=\dimen112
\TX@target=\dimen113
\TX@delta=\dimen114
\TX@cols=\count99
\TX@ftn=\toks19
)
(/usr/share/texlive/texmf-dist/tex/latex/inconsolata/inconsolata.sty
Package: inconsolata 2014/06/22 v1.05

`inconsolata-zi4' v1.05, 2014/06/22 Text macros for Inconsolata (msharpe)
(/usr/share/texlive/texmf-dist/tex/latex/base/textcomp.sty
Package: textcomp 2005/09/27 v1.99g Standard LaTeX package
Package textcomp Info: Sub-encoding information:
(textcomp)               5 = only ISO-Adobe without \textcurrency
(textcomp)               4 = 5 + \texteuro
(textcomp)               3 = 4 + \textohm
(textcomp)               2 = 3 + \textestimated + \textcurrency
(textcomp)               1 = TS1 - \textcircled - \t
(textcomp)               0 = TS1 (full)
(textcomp)             Font families with sub-encoding setting implement
(textcomp)             only a restricted character set as indicated.
(textcomp)             Family '?' is the default used for unknown fonts.
(textcomp)             See the documentation for details.
Package textcomp Info: Setting ? sub-encoding to TS1/1 on input line 71.

(/usr/share/texlive/texmf-dist/tex/latex/base/ts1enc.def
File: ts1enc.def 2001/06/05 v3.0e (jk/car/fm) Standard LaTeX file
Now handling font encoding TS1 ...
... processing UTF-8 mapping file for font encoding TS1

(/usr/share/texlive/texmf-dist/tex/latex/base/ts1enc.dfu
File: ts1enc.dfu 2008/04/05 v1.1m UTF-8 support for inputenc
   defining Unicode char U+00A2 (decimal 162)
   defining Unicode char U+00A3 (decimal 163)
   defining Unicode char U+00A4 (decimal 164)
   defining Unicode char U+00A5 (decimal 165)
   defining Unicode char U+00A6 (decimal 166)
   defining Unicode char U+00A7 (decimal 167)
   defining Unicode char U+00A8 (decimal 168)
   defining Unicode char U+00A9 (decimal 169)
   defining Unicode char U+00AA (decimal 170)
   defining Unicode char U+00AC (decimal 172)
   defining Unicode char U+00AE (decimal 174)
   defining Unicode char U+00AF (decimal 175)
   defining Unicode char U+00B0 (decimal 176)
   defining Unicode char U+00B1 (decimal 177)
   defining Unicode char U+00B2 (decimal 178)
   defining Unicode char U+00B3 (decimal 179)
   defining Unicode char U+00B4 (decimal 180)
   defining Unicode char U+00B5 (decimal 181)
   defining Unicode char U+00B6 (decimal 182)
   defining Unicode char U+00B7 (decimal 183)
   defining Unicode char U+00B9 (decimal 185)
   defining Unicode char U+00BA (decimal 186)
   defining Unicode char U+00BC (decimal 188)
   defining Unicode char U+00BD (decimal 189)
   defining Unicode char U+00BE (decimal 190)
   defining Unicode char U+00D7 (decimal 215)
   defining Unicode char U+00F7 (decimal 247)
   defining Unicode char U+0192 (decimal 402)
   defining Unicode char U+02C7 (decimal 711)
   defining Unicode char U+02D8 (decimal 728)
   defining Unicode char U+02DD (decimal 733)
   defining Unicode char U+0E3F (decimal 3647)
   defining Unicode char U+2016 (decimal 8214)
   defining Unicode char U+2020 (decimal 8224)
   defining Unicode char U+2021 (decimal 8225)
   defining Unicode char U+2022 (decimal 8226)
   defining Unicode char U+2030 (decimal 8240)
   defining Unicode char U+2031 (decimal 8241)
   defining Unicode char U+203B (decimal 8251)
   defining Unicode char U+203D (decimal 8253)
   defining Unicode char U+2044 (decimal 8260)
   defining Unicode char U+204E (decimal 8270)
   defining Unicode char U+2052 (decimal 8274)
   defining Unicode char U+20A1 (decimal 8353)
   defining Unicode char U+20A4 (decimal 8356)
   defining Unicode char U+20A6 (decimal 8358)
   defining Unicode char U+20A9 (decimal 8361)
   defining Unicode char U+20AB (decimal 8363)
   defining Unicode char U+20AC (decimal 8364)
   defining Unicode char U+20B1 (decimal 8369)
   defining Unicode char U+2103 (decimal 8451)
   defining Unicode char U+2116 (decimal 8470)
   defining Unicode char U+2117 (decimal 8471)
   defining Unicode char U+211E (decimal 8478)
   defining Unicode char U+2120 (decimal 8480)
   defining Unicode char U+2122 (decimal 8482)
   defining Unicode char U+2126 (decimal 8486)
   defining Unicode char U+2127 (decimal 8487)
   defining Unicode char U+212E (decimal 8494)
   defining Unicode char U+2190 (decimal 8592)
   defining Unicode char U+2191 (decimal 8593)
   defining Unicode char U+2192 (decimal 8594)
   defining Unicode char U+2193 (decimal 8595)
   defining Unicode char U+2329 (decimal 9001)
   defining Unicode char U+232A (decimal 9002)
   defining Unicode char U+2422 (decimal 9250)
   defining Unicode char U+25E6 (decimal 9702)
   defining Unicode char U+25EF (decimal 9711)
   defining Unicode char U+266A (decimal 9834)
))
LaTeX Info: Redefining \oldstylenums on input line 266.
Package textcomp Info: Setting cmr sub-encoding to TS1/0 on input line 281.
Package textcomp Info: Setting cmss sub-encoding to TS1/0 on input line 282.
Package textcomp Info: Setting cmtt sub-encoding to TS1/0 on input line 283.
Package textcomp Info: Setting cmvtt sub-encoding to TS1/0 on input line 284.
Package textcomp Info: Setting cmbr sub-encoding to TS1/0 on input line 285.
Package textcomp Info: Setting cmtl sub-encoding to TS1/0 on input line 286.
Package textcomp Info: Setting ccr sub-encoding to TS1/0 on input line 287.
Package textcomp Info: Setting ptm sub-encoding to TS1/4 on input line 288.
Package textcomp Info: Setting pcr sub-encoding to TS1/4 on input line 289.
Package textcomp Info: Setting phv sub-encoding to TS1/4 on input line 290.
Package textcomp Info: Setting ppl sub-encoding to TS1/3 on input line 291.
Package textcomp Info: Setting pag sub-encoding to TS1/4 on input line 292.
Package textcomp Info: Setting pbk sub-encoding to TS1/4 on input line 293.
Package textcomp Info: Setting pnc sub-encoding to TS1/4 on input line 294.
Package textcomp Info: Setting pzc sub-encoding to TS1/4 on input line 295.
Package textcomp Info: Setting bch sub-encoding to TS1/4 on input line 296.
Package textcomp Info: Setting put sub-encoding to TS1/5 on input line 297.
Package textcomp Info: Setting uag sub-encoding to TS1/5 on input line 298.
Package textcomp Info: Setting ugq sub-encoding to TS1/5 on input line 299.
Package textcomp Info: Setting ul8 sub-encoding to TS1/4 on input line 300.
Package textcomp Info: Setting ul9 sub-encoding to TS1/4 on input line 301.
Package textcomp Info: Setting augie sub-encoding to TS1/5 on input line 302.
Package textcomp Info: Setting dayrom sub-encoding to TS1/3 on input line 303.
Package textcomp Info: Setting dayroms sub-encoding to TS1/3 on input line 304.

Package textcomp Info: Setting pxr sub-encoding to TS1/0 on input line 305.
Package textcomp Info: Setting pxss sub-encoding to TS1/0 on input line 306.
Package textcomp Info: Setting pxtt sub-encoding to TS1/0 on input line 307.
Package textcomp Info: Setting txr sub-encoding to TS1/0 on input line 308.
Package textcomp Info: Setting txss sub-encoding to TS1/0 on input line 309.
Package textcomp Info: Setting txtt sub-encoding to TS1/0 on input line 310.
Package textcomp Info: Setting lmr sub-encoding to TS1/0 on input line 311.
Package textcomp Info: Setting lmdh sub-encoding to TS1/0 on input line 312.
Package textcomp Info: Setting lmss sub-encoding to TS1/0 on input line 313.
Package textcomp Info: Setting lmssq sub-encoding to TS1/0 on input line 314.
Package textcomp Info: Setting lmvtt sub-encoding to TS1/0 on input line 315.
Package textcomp Info: Setting qhv sub-encoding to TS1/0 on input line 316.
Package textcomp Info: Setting qag sub-encoding to TS1/0 on input line 317.
Package textcomp Info: Setting qbk sub-encoding to TS1/0 on input line 318.
Package textcomp Info: Setting qcr sub-encoding to TS1/0 on input line 319.
Package textcomp Info: Setting qcs sub-encoding to TS1/0 on input line 320.
Package textcomp Info: Setting qpl sub-encoding to TS1/0 on input line 321.
Package textcomp Info: Setting qtm sub-encoding to TS1/0 on input line 322.
Package textcomp Info: Setting qzc sub-encoding to TS1/0 on input line 323.
Package textcomp Info: Setting qhvc sub-encoding to TS1/0 on input line 324.
Package textcomp Info: Setting futs sub-encoding to TS1/4 on input line 325.
Package textcomp Info: Setting futx sub-encoding to TS1/4 on input line 326.
Package textcomp Info: Setting futj sub-encoding to TS1/4 on input line 327.
Package textcomp Info: Setting hlh sub-encoding to TS1/3 on input line 328.
Package textcomp Info: Setting hls sub-encoding to TS1/3 on input line 329.
Package textcomp Info: Setting hlst sub-encoding to TS1/3 on input line 330.
Package textcomp Info: Setting hlct sub-encoding to TS1/5 on input line 331.
Package textcomp Info: Setting hlx sub-encoding to TS1/5 on input line 332.
Package textcomp Info: Setting hlce sub-encoding to TS1/5 on input line 333.
Package textcomp Info: Setting hlcn sub-encoding to TS1/5 on input line 334.
Package textcomp Info: Setting hlcw sub-encoding to TS1/5 on input line 335.
Package textcomp Info: Setting hlcf sub-encoding to TS1/5 on input line 336.
Package textcomp Info: Setting pplx sub-encoding to TS1/3 on input line 337.
Package textcomp Info: Setting pplj sub-encoding to TS1/3 on input line 338.
Package textcomp Info: Setting ptmx sub-encoding to TS1/4 on input line 339.
Package textcomp Info: Setting ptmj sub-encoding to TS1/4 on input line 340.
)
\zifour@ocount=\count100
)
(/usr/share/texlive/texmf-dist/tex/latex/enumitem/enumitem.sty
Package: enumitem 2011/09/28 v3.5.2 Customized lists
\labelindent=\skip46
\enit@outerparindent=\dimen115
\enit@toks=\toks20
\enit@inbox=\box26
\enitdp@description=\count101
)
(/usr/share/texlive/texmf-dist/tex/latex/graphics/graphicx.sty
Package: graphicx 2014/04/25 v1.0g Enhanced LaTeX Graphics (DPC,SPQR)

(/usr/share/texlive/texmf-dist/tex/latex/graphics/graphics.sty
Package: graphics 2009/02/05 v1.0o Standard LaTeX Graphics (DPC,SPQR)

(/usr/share/texlive/texmf-dist/tex/latex/graphics/trig.sty
Package: trig 1999/03/16 v1.09 sin cos tan (DPC)
)
(/usr/share/texlive/texmf-dist/tex/latex/latexconfig/graphics.cfg
File: graphics.cfg 2010/04/23 v1.9 graphics configuration of TeX Live
)
Package graphics Info: Driver file: pdftex.def on input line 91.

(/usr/share/texlive/texmf-dist/tex/latex/pdftex-def/pdftex.def
File: pdftex.def 2011/05/27 v0.06d Graphics/color for pdfTeX
\Gread@gobject=\count102
))
\Gin@req@height=\dimen116
\Gin@req@width=\dimen117
)
(/usr/share/texlive/texmf-dist/tex/latex/listings/listings.sty
\lst@mode=\count103
\lst@gtempboxa=\box27
\lst@token=\toks21
\lst@length=\count104
\lst@currlwidth=\dimen118
\lst@column=\count105
\lst@pos=\count106
\lst@lostspace=\dimen119
\lst@width=\dimen120
\lst@newlines=\count107
\lst@lineno=\count108
\lst@maxwidth=\dimen121

(/usr/share/texlive/texmf-dist/tex/latex/listings/lstmisc.sty
File: lstmisc.sty 2014/03/04 1.5c (Carsten Heinz)
\c@lstnumber=\count109
\lst@skipnumbers=\count110
\lst@framebox=\box28
)
(/usr/share/texlive/texmf-dist/tex/latex/listings/listings.cfg
File: listings.cfg 2014/03/04 1.5c listings configuration
))
Package: listings 2014/03/04 1.5c (Carsten Heinz)

(/usr/share/texlive/texmf-dist/tex/latex/graphics/color.sty
Package: color 2014/04/23 v1.1a Standard LaTeX Color (DPC)

(/usr/share/texlive/texmf-dist/tex/latex/latexconfig/color.cfg
File: color.cfg 2007/01/18 v1.5 color configuration of teTeX/TeXLive
)
Package color Info: Driver file: pdftex.def on input line 137.
)
(/usr/share/texlive/texmf-dist/tex/latex/appendix/appendix.sty
Package: appendix 2009/09/02 v1.2b extra appendix facilities
\c@@pps=\count111
\c@@ppsavesec=\count112
\c@@ppsaveapp=\count113
)
(/usr/share/texlive/texmf-dist/tex/latex/mdframed/mdframed.sty
Package: mdframed 2013/07/01 1.9b: mdframed

(/usr/share/texlive/texmf-dist/tex/latex/l3packages/xparse/xparse.sty
(/usr/share/texlive/texmf-dist/tex/latex/l3kernel/expl3.sty
Package: expl3 2014/06/10 v5105 L3 programming layer (loader) 

(/usr/share/texlive/texmf-dist/tex/latex/l3kernel/expl3-code.tex
Package: expl3 2014/06/10 v5105 L3 programming layer (code) 
L3 Module: l3bootstrap 2014/05/26 v4889 L3 Bootstrap code

(/usr/share/texlive/texmf-dist/tex/latex/etex-pkg/etex.sty
Package: etex 1998/03/26 v2.0 eTeX basic definition package (PEB)
\et@xins=\count114
)
L3 Module: l3names 2014/06/02 v4993 L3 Namespace for primitives
L3 Module: l3basics 2014/06/04 v5033 L3 Basic definitions
L3 Module: l3expan 2014/04/30 v4712 L3 Argument expansion
L3 Module: l3tl 2014/06/06 v5070 L3 Token lists
L3 Module: l3seq 2014/04/30 v4712 L3 Sequences and stacks
L3 Module: l3int 2014/05/31 v4966 L3 Integers
\c_max_int=\count115
\l_tmpa_int=\count116
\l_tmpb_int=\count117
\g_tmpa_int=\count118
\g_tmpb_int=\count119
L3 Module: l3quark 2014/05/26 v4889 L3 Quarks
L3 Module: l3prg 2014/05/04 v4728 L3 Control structures
\g__prg_map_int=\count120
L3 Module: l3clist 2014/05/04 v4728 L3 Comma separated lists
L3 Module: l3token 2014/05/26 v4889 L3 Experimental token manipulation
L3 Module: l3prop 2014/04/30 v4712 L3 Property lists
L3 Module: l3msg 2014/05/30 v4943 L3 Messages
L3 Module: l3file 2014/05/26 v4890 L3 File and I/O operations
\l_iow_line_count_int=\count121
\l__iow_target_count_int=\count122
\l__iow_current_line_int=\count123
\l__iow_current_word_int=\count124
\l__iow_current_indentation_int=\count125
L3 Module: l3skip 2014/05/31 v4972 L3 Dimensions and skips
\c_zero_dim=\dimen122
\c_max_dim=\dimen123
\l_tmpa_dim=\dimen124
\l_tmpb_dim=\dimen125
\g_tmpa_dim=\dimen126
\g_tmpb_dim=\dimen127
\c_zero_skip=\skip47
\c_max_skip=\skip48
\l_tmpa_skip=\skip49
\l_tmpb_skip=\skip50
\g_tmpa_skip=\skip51
\g_tmpb_skip=\skip52
\c_zero_muskip=\muskip11
\c_max_muskip=\muskip12
\l_tmpa_muskip=\muskip13
\l_tmpb_muskip=\muskip14
\g_tmpa_muskip=\muskip15
\g_tmpb_muskip=\muskip16
L3 Module: l3keys 2014/06/08 v5093 L3 Key-value interfaces
\g__keyval_level_int=\count126
\l_keys_choice_int=\count127
L3 Module: l3fp 2014/04/30 v4712 L3 Floating points
\c__fp_leading_shift_int=\count128
\c__fp_middle_shift_int=\count129
\c__fp_trailing_shift_int=\count130
\c__fp_big_leading_shift_int=\count131
\c__fp_big_middle_shift_int=\count132
\c__fp_big_trailing_shift_int=\count133
\c__fp_Bigg_leading_shift_int=\count134
\c__fp_Bigg_middle_shift_int=\count135
\c__fp_Bigg_trailing_shift_int=\count136
L3 Module: l3box 2014/05/31 v4974 L3 Experimental boxes
\c_empty_box=\box29
\l_tmpa_box=\box30
\l_tmpb_box=\box31
\g_tmpa_box=\box32
\g_tmpb_box=\box33
L3 Module: l3coffins 2014/05/28 v4899 L3 Coffin code layer
\l__coffin_internal_box=\box34
\l__coffin_internal_dim=\dimen128
\l__coffin_offset_x_dim=\dimen129
\l__coffin_offset_y_dim=\dimen130
\l__coffin_x_dim=\dimen131
\l__coffin_y_dim=\dimen132
\l__coffin_x_prime_dim=\dimen133
\l__coffin_y_prime_dim=\dimen134
\c_empty_coffin=\box35
\l__coffin_aligned_coffin=\box36
\l__coffin_aligned_internal_coffin=\box37
\l_tmpa_coffin=\box38
\l_tmpb_coffin=\box39
\l__coffin_display_coffin=\box40
\l__coffin_display_coord_coffin=\box41
\l__coffin_display_pole_coffin=\box42
\l__coffin_display_offset_dim=\dimen135
\l__coffin_display_x_dim=\dimen136
\l__coffin_display_y_dim=\dimen137
L3 Module: l3color 2014/04/30 v4712 L3 Experimental color support
L3 Module: l3candidates 2014/05/31 v4972 L3 Experimental additions to l3kernel
\l__box_top_dim=\dimen138
\l__box_bottom_dim=\dimen139
\l__box_left_dim=\dimen140
\l__box_right_dim=\dimen141
\l__box_top_new_dim=\dimen142
\l__box_bottom_new_dim=\dimen143
\l__box_left_new_dim=\dimen144
\l__box_right_new_dim=\dimen145
\l__box_internal_box=\box43
\l__coffin_bounding_shift_dim=\dimen146
\l__coffin_left_corner_dim=\dimen147
\l__coffin_right_corner_dim=\dimen148
\l__coffin_bottom_corner_dim=\dimen149
\l__coffin_top_corner_dim=\dimen150
\l__coffin_scaled_total_height_dim=\dimen151
\l__coffin_scaled_width_dim=\dimen152
)
(/usr/share/texlive/texmf-dist/tex/latex/l3kernel/l3pdfmode.def
File: l3pdfmode.def 2014/05/06 v4748 L3 Experimental driver: PDF mode
\l__driver_color_stack_int=\count137
))
Package: xparse 2014/06/10 v5105 L3 Experimental document command parser
\l__xparse_current_arg_int=\count138
\l__xparse_m_args_int=\count139
\l__xparse_mandatory_args_int=\count140
\l__xparse_processor_int=\count141
\l__xparse_v_nesting_int=\count142
)
(/usr/share/texlive/texmf-dist/tex/latex/etoolbox/etoolbox.sty
Package: etoolbox 2011/01/03 v2.1 e-TeX tools for LaTeX
\etb@tempcnta=\count143
)
(/usr/share/texlive/texmf-dist/tex/latex/oberdiek/zref-abspage.sty
Package: zref-abspage 2012/04/04 v2.24 Module abspage for zref (HO)

(/usr/share/texlive/texmf-dist/tex/latex/oberdiek/zref-base.sty
Package: zref-base 2012/04/04 v2.24 Module base for zref (HO)
Package zref Info: New property list: main on input line 759.
Package zref Info: New property: default on input line 760.
Package zref Info: New property: page on input line 761.
)
\c@abspage=\count144
Package zref Info: New property: abspage on input line 62.
)
(/usr/share/texlive/texmf-dist/tex/latex/needspace/needspace.sty
Package: needspace 2010/09/12 v1.3d reserve vertical space
)
\mdf@templength=\skip53
\c@mdf@globalstyle@cnt=\count145
\mdf@skipabove@length=\skip54
\mdf@skipbelow@length=\skip55
\mdf@leftmargin@length=\skip56
\mdf@rightmargin@length=\skip57
\mdf@innerleftmargin@length=\skip58
\mdf@innerrightmargin@length=\skip59
\mdf@innertopmargin@length=\skip60
\mdf@innerbottommargin@length=\skip61
\mdf@splittopskip@length=\skip62
\mdf@splitbottomskip@length=\skip63
\mdf@outermargin@length=\skip64
\mdf@innermargin@length=\skip65
\mdf@linewidth@length=\skip66
\mdf@innerlinewidth@length=\skip67
\mdf@middlelinewidth@length=\skip68
\mdf@outerlinewidth@length=\skip69
\mdf@roundcorner@length=\skip70
\mdf@footenotedistance@length=\skip71
\mdf@userdefinedwidth@length=\skip72
\mdf@needspace@length=\skip73
\mdf@frametitleaboveskip@length=\skip74
\mdf@frametitlebelowskip@length=\skip75
\mdf@frametitlerulewidth@length=\skip76
\mdf@frametitleleftmargin@length=\skip77
\mdf@frametitlerightmargin@length=\skip78
\mdf@shadowsize@length=\skip79
\mdf@extratopheight@length=\skip80
\mdf@subtitleabovelinewidth@length=\skip81
\mdf@subtitlebelowlinewidth@length=\skip82
\mdf@subtitleaboveskip@length=\skip83
\mdf@subtitlebelowskip@length=\skip84
\mdf@subtitleinneraboveskip@length=\skip85
\mdf@subtitleinnerbelowskip@length=\skip86
\mdf@subsubtitleabovelinewidth@length=\skip87
\mdf@subsubtitlebelowlinewidth@length=\skip88
\mdf@subsubtitleaboveskip@length=\skip89
\mdf@subsubtitlebelowskip@length=\skip90
\mdf@subsubtitleinneraboveskip@length=\skip91
\mdf@subsubtitleinnerbelowskip@length=\skip92

(/usr/share/texlive/texmf-dist/tex/latex/mdframed/md-frame-0.mdf
File: md-frame-0.mdf 2013/07/01\ 1.9b: md-frame-0
)
\mdf@frametitlebox=\box44
\mdf@footnotebox=\box45
\mdf@splitbox@one=\box46
\mdf@splitbox@two=\box47
\mdf@splitbox@save=\box48
\mdfsplitboxwidth=\skip93
\mdfsplitboxtotalwidth=\skip94
\mdfsplitboxheight=\skip95
\mdfsplitboxdepth=\skip96
\mdfsplitboxtotalheight=\skip97
\mdfframetitleboxwidth=\skip98
\mdfframetitleboxtotalwidth=\skip99
\mdfframetitleboxheight=\skip100
\mdfframetitleboxdepth=\skip101
\mdfframetitleboxtotalheight=\skip102
\mdffootnoteboxwidth=\skip103
\mdffootnoteboxtotalwidth=\skip104
\mdffootnoteboxheight=\skip105
\mdffootnoteboxdepth=\skip106
\mdffootnoteboxtotalheight=\skip107
\mdftotallinewidth=\skip108
\mdfboundingboxwidth=\skip109
\mdfboundingboxtotalwidth=\skip110
\mdfboundingboxheight=\skip111
\mdfboundingboxdepth=\skip112
\mdfboundingboxtotalheight=\skip113
\mdf@freevspace@length=\skip114
\mdf@horizontalwidthofbox@length=\skip115
\mdf@verticalmarginwhole@length=\skip116
\mdf@horizontalspaceofbox=\skip117
\mdfsubtitleheight=\skip118
\mdfsubsubtitleheight=\skip119
\c@mdfcountframes=\count146

****** mdframed patching \endmdf@trivlist

****** -- success******

.................................................
. LaTeX info: "xparse/define-command"
. 
. Defining document command \newmdtheoremenv with arg. spec. 'O{} m o m o ' on
. line 601.
.................................................
.................................................
. LaTeX info: "xparse/define-command"
. 
. Defining document command \mdtheorem with arg. spec. ' O{} m o m o ' on line
. 701.
.................................................
\mdf@envdepth=\count147
\c@mdf@env@i=\count148
\c@mdf@env@ii=\count149
\c@mdf@zref@counter=\count150
Package zref Info: New property: mdf@pagevalue on input line 895.
)
(/usr/share/texlive/texmf-dist/tex/latex/float/float.sty
Package: float 2001/11/08 v1.3d Float enhancements (AL)
\c@float@type=\count151
\float@exts=\toks22
\float@box=\box49
\@float@everytoks=\toks23
\@floatcapt=\box50
)
(/usr/share/texlive/texmf-dist/tex/latex/caption/caption.sty
Package: caption 2013/05/02 v3.3-89 Customizing captions (AR)

(/usr/share/texlive/texmf-dist/tex/latex/caption/caption3.sty
Package: caption3 2013/05/02 v1.6-88 caption3 kernel (AR)
Package caption3 Info: TeX engine: e-TeX on input line 57.
\captionmargin=\dimen153
\captionmargin@=\dimen154
\captionwidth=\dimen155
\caption@tempdima=\dimen156
\caption@indent=\dimen157
\caption@parindent=\dimen158
\caption@hangindent=\dimen159
)
\c@ContinuedFloat=\count152
Package caption Info: float package is loaded.
Package caption Info: hyperref package is loaded.
Package caption Info: listings package is loaded.
)
(/usr/share/texlive/texmf-dist/tex/latex/caption/subcaption.sty
Package: subcaption 2013/02/03 v1.1-62 Sub-captions (AR)
\c@subfigure=\count153
\c@subtable=\count154
)
(/usr/share/texlive/texmf-dist/tex/latex/subfigure/subfigure.sty
Package: subfigure 2002/03/15 v2.1.5 subfigure package
\subfigtopskip=\skip120
\subfigcapskip=\skip121
\subfigcaptopadj=\dimen160
\subfigbottomskip=\skip122
\subfigcapmargin=\dimen161
\subfiglabelskip=\skip123


! LaTeX Error: Command \c@subfigure already defined.
               Or name \end... illegal, see p.192 of the manual.

See the LaTeX manual or LaTeX Companion for explanation.
Type  H <return>  for immediate help.
 ...                                              
                                                  
l.113 \newcounter{subfigure}
                            [figure]
Your command was ignored.
Type  I <command> <return>  to replace it with another command,
or  <return>  to continue without it.


! LaTeX Error: Command \l@subfigure already defined.
               Or name \end... illegal, see p.192 of the manual.

See the LaTeX manual or LaTeX Companion for explanation.
Type  H <return>  for immediate help.
 ...                                              
                                                  
l.123 ...xxxline{\ext@subfigure}{2}{3.8em}{2.5em}}
                                                  
Your command was ignored.
Type  I <command> <return>  to replace it with another command,
or  <return>  to continue without it.

\c@lofdepth=\count155

! LaTeX Error: Command \c@subtable already defined.
               Or name \end... illegal, see p.192 of the manual.

See the LaTeX manual or LaTeX Companion for explanation.
Type  H <return>  for immediate help.
 ...                                              
                                                  
l.126 \newcounter{subtable}
                           [table]
Your command was ignored.
Type  I <command> <return>  to replace it with another command,
or  <return>  to continue without it.


! LaTeX Error: Command \l@subtable already defined.
               Or name \end... illegal, see p.192 of the manual.

See the LaTeX manual or LaTeX Companion for explanation.
Type  H <return>  for immediate help.
 ...                                              
                                                  
l.136 ...dxxxline{\ext@subtable}{2}{3.8em}{2.5em}}
                                                  
Your command was ignored.
Type  I <command> <return>  to replace it with another command,
or  <return>  to continue without it.

\c@lotdepth=\count156
****************************************
* Local config file subfigure.cfg used *
****************************************
(/usr/share/texlive/texmf-dist/tex/latex/subfigure/subfigure.cfg)
\subfig@top=\skip124
\subfig@bottom=\skip125


! LaTeX Error: Command \subref already defined.
               Or name \end... illegal, see p.192 of the manual.

See the LaTeX manual or LaTeX Companion for explanation.
Type  H <return>  for immediate help.
 ...                                              
                                                  
l.413   \ref{sub@#1}}
                     
Your command was ignored.
Type  I <command> <return>  to replace it with another command,
or  <return>  to continue without it.

) (/usr/share/texlive/texmf-dist/tex/latex/anysize/anysize.sty
Package: anysize 1994/08/13 setting margin sizes

document style option `anysize' loaded
Michael Salzenberg, Thomas Esser, Dirk Hillbrecht
Version 1.0, Aug 13, 1994
\@Leftmargin=\dimen162
\@Rightmargin=\dimen163
\@Topmargin=\dimen164
\@Bottommargin=\dimen165
) (../cabecera.tex
(/usr/share/texlive/texmf-dist/tex/latex/multirow/multirow.sty
\bigstrutjot=\dimen166
))
Package hyperref Info: Option `colorlinks' set `true' on input line 41.

No file Memoria.aux.
\openout1 = `Memoria.aux'.

LaTeX Font Info:    Checking defaults for OML/cmm/m/it on input line 50.
LaTeX Font Info:    ... okay on input line 50.
LaTeX Font Info:    Checking defaults for T1/cmr/m/n on input line 50.
LaTeX Font Info:    ... okay on input line 50.
LaTeX Font Info:    Checking defaults for OT1/cmr/m/n on input line 50.
LaTeX Font Info:    ... okay on input line 50.
LaTeX Font Info:    Checking defaults for OMS/cmsy/m/n on input line 50.
LaTeX Font Info:    ... okay on input line 50.
LaTeX Font Info:    Checking defaults for OMX/cmex/m/n on input line 50.
LaTeX Font Info:    ... okay on input line 50.
LaTeX Font Info:    Checking defaults for U/cmr/m/n on input line 50.
LaTeX Font Info:    ... okay on input line 50.
LaTeX Font Info:    Checking defaults for PD1/pdf/m/n on input line 50.
LaTeX Font Info:    ... okay on input line 50.
LaTeX Font Info:    Checking defaults for TS1/cmr/m/n on input line 50.
LaTeX Font Info:    Try loading font information for TS1+cmr on input line 50.
(/usr/share/texlive/texmf-dist/tex/latex/base/ts1cmr.fd
File: ts1cmr.fd 1999/05/25 v2.5h Standard LaTeX font definitions
)
LaTeX Font Info:    ... okay on input line 50.
LaTeX Info: Redefining \. on input line 50.
LaTeX Info: Redefining \% on input line 50.
\AtBeginShipoutBox=\box51
Package hyperref Info: Link coloring ON on input line 50.

(/usr/share/texlive/texmf-dist/tex/latex/hyperref/nameref.sty
Package: nameref 2012/10/27 v2.43 Cross-referencing by name of section

(/usr/share/texlive/texmf-dist/tex/generic/oberdiek/gettitlestring.sty
Package: gettitlestring 2010/12/03 v1.4 Cleanup title references (HO)
)
\c@section@level=\count157
)
LaTeX Info: Redefining \ref on input line 50.
LaTeX Info: Redefining \pageref on input line 50.
LaTeX Info: Redefining \nameref on input line 50.
\@outlinefile=\write3
\openout3 = `Memoria.out'.


(/usr/share/texlive/texmf-dist/tex/latex/upquote/upquote.sty
Package: upquote 2012/04/19 v1.3 upright-quote and grave-accent glyphs in verba
tim
)
(/usr/share/texlive/texmf-dist/tex/context/base/supp-pdf.mkii
[Loading MPS to PDF converter (version 2006.09.02).]
\scratchcounter=\count158
\scratchdimen=\dimen167
\scratchbox=\box52
\nofMPsegments=\count159
\nofMParguments=\count160
\everyMPshowfont=\toks24
\MPscratchCnt=\count161
\MPscratchDim=\dimen168
\MPnumerator=\count162
\makeMPintoPDFobject=\count163
\everyMPtoPDFconversion=\toks25
) (/usr/share/texlive/texmf-dist/tex/latex/oberdiek/epstopdf-base.sty
Package: epstopdf-base 2010/02/09 v2.5 Base part for package epstopdf

(/usr/share/texlive/texmf-dist/tex/latex/oberdiek/grfext.sty
Package: grfext 2010/08/19 v1.1 Manage graphics extensions (HO)
)
Package grfext Info: Graphics extension search list:
(grfext)             [.png,.pdf,.jpg,.mps,.jpeg,.jbig2,.jb2,.PNG,.PDF,.JPG,.JPE
G,.JBIG2,.JB2,.eps]
(grfext)             \AppendGraphicsExtensions on input line 452.

(/usr/share/texlive/texmf-dist/tex/latex/latexconfig/epstopdf-sys.cfg
File: epstopdf-sys.cfg 2010/07/13 v1.3 Configuration of (r)epstopdf for TeX Liv
e
))
\c@lstlisting=\count164
Package caption Info: Begin \AtBeginDocument code.
Package caption Info: subfigure package is loaded.


! LaTeX Error: Command \subfigure already defined.
               Or name \end... illegal, see p.192 of the manual.

See the LaTeX manual or LaTeX Companion for explanation.
Type  H <return>  for immediate help.
 ...                                              
                                                  
l.50 \begin{document}
                     
Your command was ignored.
Type  I <command> <return>  to replace it with another command,
or  <return>  to continue without it.


! LaTeX Error: Command \subtable already defined.
               Or name \end... illegal, see p.192 of the manual.

See the LaTeX manual or LaTeX Companion for explanation.
Type  H <return>  for immediate help.
 ...                                              
                                                  
l.50 \begin{document}
                     
Your command was ignored.
Type  I <command> <return>  to replace it with another command,
or  <return>  to continue without it.

Package caption Info: End \AtBeginDocument code.
<../uam.png, id=4, 552.0625pt x 310.15875pt> <use ../uam.png> <use ../uam.png>
<use ../uam.png> <use ../uam.png> <use ../uam.png> <use ../uam.png>
File: ../uam.png Graphic file (type png)

<use ../uam.png>
Package pdftex.def Info: ../uam.png used on input line 52.
(pdftex.def)             Requested size: 55.20947pt x 31.01768pt.
Package babel Info: Redefining spanish shorthand <<
(babel)             in language  on input line 54.
Package babel Info: Redefining spanish shorthand >>
(babel)             in language  on input line 54.
Package babel Info: Redefining spanish shorthand "=
(babel)             in language  on input line 54.
Package babel Info: Redefining spanish shorthand "~
(babel)             in language  on input line 54.
Package babel Info: Redefining spanish shorthand "!
(babel)             in language  on input line 54.
Package babel Info: Redefining spanish shorthand "?
(babel)             in language  on input line 54.

<../../p2/pantallazos/ejemplo_tree_result.png, id=5, 939.51pt x 667.49374pt>
File: ../../p2/pantallazos/ejemplo_tree_result.png Graphic file (type png)

<use ../../p2/pantallazos/ejemplo_tree_result.png>
Package pdftex.def Info: ../../p2/pantallazos/ejemplo_tree_result.png used on i
nput line 66.
(pdftex.def)             Requested size: 375.57782pt x 266.8298pt.
Package babel Info: Redefining spanish shorthand <<
(babel)             in language  on input line 71.
Package babel Info: Redefining spanish shorthand >>
(babel)             in language  on input line 71.
Package babel Info: Redefining spanish shorthand "=
(babel)             in language  on input line 71.
Package babel Info: Redefining spanish shorthand "~
(babel)             in language  on input line 71.
Package babel Info: Redefining spanish shorthand "!
(babel)             in language  on input line 71.
Package babel Info: Redefining spanish shorthand "?
(babel)             in language  on input line 71.
Package babel Info: Redefining spanish shorthand <<
(babel)             in language  on input line 71.
Package babel Info: Redefining spanish shorthand >>
(babel)             in language  on input line 71.
Package babel Info: Redefining spanish shorthand "=
(babel)             in language  on input line 71.
Package babel Info: Redefining spanish shorthand "~
(babel)             in language  on input line 71.
Package babel Info: Redefining spanish shorthand "!
(babel)             in language  on input line 71.
Package babel Info: Redefining spanish shorthand "?
(babel)             in language  on input line 71.
 [1

{/var/lib/texmf/fonts/map/pdftex/updmap/pdftex.map} <../uam.png> <../../p2/pant
allazos/ejemplo_tree_result.png>]
Package babel Info: Redefining spanish shorthand <<
(babel)             in language  on input line 72.
Package babel Info: Redefining spanish shorthand >>
(babel)             in language  on input line 72.
Package babel Info: Redefining spanish shorthand "=
(babel)             in language  on input line 72.
Package babel Info: Redefining spanish shorthand "~
(babel)             in language  on input line 72.
Package babel Info: Redefining spanish shorthand "!
(babel)             in language  on input line 72.
Package babel Info: Redefining spanish shorthand "?
(babel)             in language  on input line 72.

Overfull \hbox (9.6613pt too wide) in paragraph at lines 86--88
[]\OT1/cmr/m/n/10 El des-tino del des-plie-gue en to-dos los ca-sos ser^^Sa PC2
VM con IP 10.X.Y.2 (as.host o as.host.client
 []


Underfull \hbox (badness 10000) in paragraph at lines 101--103

 []

<../../p2/pantallazos/free_PC_1.png, id=16, 550.055pt x 110.4125pt>
File: ../../p2/pantallazos/free_PC_1.png Graphic file (type png)

<use ../../p2/pantallazos/free_PC_1.png>
Package pdftex.def Info: ../../p2/pantallazos/free_PC_1.png used on input line 
108.
(pdftex.def)             Requested size: 199.16928pt x 39.97926pt.

<../../p2/pantallazos/nmon_pc_1.png, id=17, 621.32124pt x 173.64874pt>
File: ../../p2/pantallazos/nmon_pc_1.png Graphic file (type png)

<use ../../p2/pantallazos/nmon_pc_1.png>
Package pdftex.def Info: ../../p2/pantallazos/nmon_pc_1.png used on input line 
109.
(pdftex.def)             Requested size: 199.16928pt x 55.66411pt.

<../../p2/pantallazos/free_pc1_(glasYpostActiovados).png, id=18, 593.21625pt x 
105.39375pt>
File: ../../p2/pantallazos/free_pc1_(glasYpostActiovados).png Graphic file (typ
e png)
 <use ../../p2/pantallazos/free_pc1_(glasYpostActiovados).png>
Package pdftex.def Info: ../../p2/pantallazos/free_pc1_(glasYpostActiovados).pn
g used on input line 110.
(pdftex.def)             Requested size: 199.16928pt x 35.3847pt.

<../../p2/pantallazos/nmon_pc1_(glasYpostActivados).png, id=19, 583.17876pt x 1
74.6525pt>
File: ../../p2/pantallazos/nmon_pc1_(glasYpostActivados).png Graphic file (type
 png)
 <use ../../p2/pantallazos/nmon_pc1_(glasYpostActivados).png>
Package pdftex.def Info: ../../p2/pantallazos/nmon_pc1_(glasYpostActivados).png
 used on input line 111.
(pdftex.def)             Requested size: 199.16928pt x 59.64755pt.

<../../p2/pantallazos/free_pc_2.png, id=20, 530.98375pt x 75.28125pt>
File: ../../p2/pantallazos/free_pc_2.png Graphic file (type png)

<use ../../p2/pantallazos/free_pc_2.png>
Package pdftex.def Info: ../../p2/pantallazos/free_pc_2.png used on input line 
117.
(pdftex.def)             Requested size: 199.16928pt x 28.23727pt.

<../../p2/pantallazos/nmon_pc_2.png, id=21, 608.2725pt x 181.67876pt>
File: ../../p2/pantallazos/nmon_pc_2.png Graphic file (type png)

<use ../../p2/pantallazos/nmon_pc_2.png>
Package pdftex.def Info: ../../p2/pantallazos/nmon_pc_2.png used on input line 
118.
(pdftex.def)             Requested size: 199.16928pt x 59.48566pt.

<../../p2/pantallazos/free_arrancado_PC_2.png, id=22, 549.05125pt x 80.3pt>
File: ../../p2/pantallazos/free_arrancado_PC_2.png Graphic file (type png)

<use ../../p2/pantallazos/free_arrancado_PC_2.png>
Package pdftex.def Info: ../../p2/pantallazos/free_arrancado_PC_2.png used on i
nput line 119.
(pdftex.def)             Requested size: 199.16928pt x 29.12851pt.

<../../p2/pantallazos/nmon_arrancado_PC_2.png, id=23, 622.325pt x 204.765pt>
File: ../../p2/pantallazos/nmon_arrancado_PC_2.png Graphic file (type png)

<use ../../p2/pantallazos/nmon_arrancado_PC_2.png>
Package pdftex.def Info: ../../p2/pantallazos/nmon_arrancado_PC_2.png used on i
nput line 120.
(pdftex.def)             Requested size: 199.16928pt x 65.53238pt.

<../../p2/pantallazos/free_mv_1.png, id=24, 572.1375pt x 102.3825pt>
File: ../../p2/pantallazos/free_mv_1.png Graphic file (type png)

<use ../../p2/pantallazos/free_mv_1.png>
Package pdftex.def Info: ../../p2/pantallazos/free_mv_1.png used on input line 
126.
(pdftex.def)             Requested size: 199.16928pt x 35.64069pt.

<../../p2/pantallazos/nmon_mv_1.png, id=25, 588.1975pt x 176.66pt>
File: ../../p2/pantallazos/nmon_mv_1.png Graphic file (type png)

<use ../../p2/pantallazos/nmon_mv_1.png>
Package pdftex.def Info: ../../p2/pantallazos/nmon_mv_1.png used on input line 
127.
(pdftex.def)             Requested size: 199.16928pt x 59.8183pt.

<../../p2/pantallazos/free_mv1_(freeYpostgresActivados).png, id=26, 558.085pt x
 99.37125pt>
File: ../../p2/pantallazos/free_mv1_(freeYpostgresActivados).png Graphic file (
type png)
 <use ../../p2/pantallazos/free_mv1_(freeYpostgresActivados).png>
Package pdftex.def Info: ../../p2/pantallazos/free_mv1_(freeYpostgresActivados)
.png used on input line 128.
(pdftex.def)             Requested size: 199.16928pt x 35.46277pt.

<../../p2/pantallazos/nmon_mv1_(freeYpostgresActivados).png, id=27, 582.175pt x
 178.6675pt>
File: ../../p2/pantallazos/nmon_mv1_(freeYpostgresActivados).png Graphic file (
type png)
 <use ../../p2/pantallazos/nmon_mv1_(freeYpostgresActivados).png>
Package pdftex.def Info: ../../p2/pantallazos/nmon_mv1_(freeYpostgresActivados)
.png used on input line 129.
(pdftex.def)             Requested size: 199.16928pt x 61.12236pt.

<../../p2/pantallazos/free_mv_2.png, id=28, 558.085pt x 96.36pt>
File: ../../p2/pantallazos/free_mv_2.png Graphic file (type png)

<use ../../p2/pantallazos/free_mv_2.png>
Package pdftex.def Info: ../../p2/pantallazos/free_mv_2.png used on input line 
135.
(pdftex.def)             Requested size: 199.16928pt x 34.38814pt.

<../../p2/pantallazos/nmon_mv_2.png, id=29, 708.6475pt x 184.69pt>
File: ../../p2/pantallazos/nmon_mv_2.png Graphic file (type png)

<use ../../p2/pantallazos/nmon_mv_2.png>
Package pdftex.def Info: ../../p2/pantallazos/nmon_mv_2.png used on input line 
136.
(pdftex.def)             Requested size: 199.16928pt x 51.90729pt.

<../../p2/pantallazos/free_arrancado_mv_2.png, id=30, 543.02875pt x 93.34875pt>
File: ../../p2/pantallazos/free_arrancado_mv_2.png Graphic file (type png)
<use ../../p2/pantallazos/free_arrancado_mv_2.png>
Package pdftex.def Info: ../../p2/pantallazos/free_arrancado_mv_2.png used on i
nput line 137.
(pdftex.def)             Requested size: 199.16928pt x 34.23795pt.

<../../p2/pantallazos/nmon_arrancado_mv_2.png, id=31, 666.49pt x 188.705pt>
File: ../../p2/pantallazos/nmon_arrancado_mv_2.png Graphic file (type png)

<use ../../p2/pantallazos/nmon_arrancado_mv_2.png>
Package pdftex.def Info: ../../p2/pantallazos/nmon_arrancado_mv_2.png used on i
nput line 138.
(pdftex.def)             Requested size: 199.16928pt x 56.39021pt.
Package babel Info: Redefining spanish shorthand <<
(babel)             in language  on input line 145.
Package babel Info: Redefining spanish shorthand >>
(babel)             in language  on input line 145.
Package babel Info: Redefining spanish shorthand "=
(babel)             in language  on input line 145.
Package babel Info: Redefining spanish shorthand "~
(babel)             in language  on input line 145.
Package babel Info: Redefining spanish shorthand "!
(babel)             in language  on input line 145.
Package babel Info: Redefining spanish shorthand "?
(babel)             in language  on input line 145.
Package babel Info: Redefining spanish shorthand <<
(babel)             in language  on input line 145.
Package babel Info: Redefining spanish shorthand >>
(babel)             in language  on input line 145.
Package babel Info: Redefining spanish shorthand "=
(babel)             in language  on input line 145.
Package babel Info: Redefining spanish shorthand "~
(babel)             in language  on input line 145.
Package babel Info: Redefining spanish shorthand "!
(babel)             in language  on input line 145.
Package babel Info: Redefining spanish shorthand "?
(babel)             in language  on input line 145.
 [2 <../../p2/pantallazos/free_PC_1.png> <../../p2/pantallazos/nmon_pc_1.png> <
../../p2/pantallazos/free_pc1_(glasYpostActiovados).png> <../../p2/pantallazos/
nmon_pc1_(glasYpostActivados).png>]
Package babel Info: Redefining spanish shorthand <<
(babel)             in language  on input line 145.
Package babel Info: Redefining spanish shorthand >>
(babel)             in language  on input line 145.
Package babel Info: Redefining spanish shorthand "=
(babel)             in language  on input line 145.
Package babel Info: Redefining spanish shorthand "~
(babel)             in language  on input line 145.
Package babel Info: Redefining spanish shorthand "!
(babel)             in language  on input line 145.
Package babel Info: Redefining spanish shorthand "?
(babel)             in language  on input line 145.
Package babel Info: Redefining spanish shorthand <<
(babel)             in language  on input line 145.
Package babel Info: Redefining spanish shorthand >>
(babel)             in language  on input line 145.
Package babel Info: Redefining spanish shorthand "=
(babel)             in language  on input line 145.
Package babel Info: Redefining spanish shorthand "~
(babel)             in language  on input line 145.
Package babel Info: Redefining spanish shorthand "!
(babel)             in language  on input line 145.
Package babel Info: Redefining spanish shorthand "?
(babel)             in language  on input line 145.
 [3 <../../p2/pantallazos/free_pc_2.png> <../../p2/pantallazos/nmon_pc_2.png> <
../../p2/pantallazos/free_arrancado_PC_2.png> <../../p2/pantallazos/nmon_arranc
ado_PC_2.png> <../../p2/pantallazos/free_mv_1.png> <../../p2/pantallazos/nmon_m
v_1.png> <../../p2/pantallazos/free_mv1_(freeYpostgresActivados).png> <../../p2
/pantallazos/nmon_mv1_(freeYpostgresActivados).png> <../../p2/pantallazos/free_
mv_2.png> <../../p2/pantallazos/nmon_mv_2.png> <../../p2/pantallazos/free_arran
cado_mv_2.png> <../../p2/pantallazos/nmon_arrancado_mv_2.png>]
Package babel Info: Redefining spanish shorthand <<
(babel)             in language  on input line 151.
Package babel Info: Redefining spanish shorthand >>
(babel)             in language  on input line 151.
Package babel Info: Redefining spanish shorthand "=
(babel)             in language  on input line 151.
Package babel Info: Redefining spanish shorthand "~
(babel)             in language  on input line 151.
Package babel Info: Redefining spanish shorthand "!
(babel)             in language  on input line 151.
Package babel Info: Redefining spanish shorthand "?
(babel)             in language  on input line 151.

<../../p2/pantallazos/ej3_select_count.png, id=63, 664.4825pt x 83.31125pt>
File: ../../p2/pantallazos/ej3_select_count.png Graphic file (type png)

<use ../../p2/pantallazos/ej3_select_count.png>
Package pdftex.def Info: ../../p2/pantallazos/ej3_select_count.png used on inpu
t line 167.
(pdftex.def)             Requested size: 375.57782pt x 47.08873pt.

<../../p2/pantallazos/ej3_report.png, id=64, 958.58125pt x 86.3225pt>
File: ../../p2/pantallazos/ej3_report.png Graphic file (type png)

<use ../../p2/pantallazos/ej3_report.png>
Package pdftex.def Info: ../../p2/pantallazos/ej3_report.png used on input line
 179.
(pdftex.def)             Requested size: 375.57782pt x 33.82104pt.
Package babel Info: Redefining spanish shorthand <<
(babel)             in language  on input line 197.
Package babel Info: Redefining spanish shorthand >>
(babel)             in language  on input line 197.
Package babel Info: Redefining spanish shorthand "=
(babel)             in language  on input line 197.
Package babel Info: Redefining spanish shorthand "~
(babel)             in language  on input line 197.
Package babel Info: Redefining spanish shorthand "!
(babel)             in language  on input line 197.
Package babel Info: Redefining spanish shorthand "?
(babel)             in language  on input line 197.
Package babel Info: Redefining spanish shorthand <<
(babel)             in language  on input line 199.
Package babel Info: Redefining spanish shorthand >>
(babel)             in language  on input line 199.
Package babel Info: Redefining spanish shorthand "=
(babel)             in language  on input line 199.
Package babel Info: Redefining spanish shorthand "~
(babel)             in language  on input line 199.
Package babel Info: Redefining spanish shorthand "!
(babel)             in language  on input line 199.
Package babel Info: Redefining spanish shorthand "?
(babel)             in language  on input line 199.
Package babel Info: Redefining spanish shorthand <<
(babel)             in language  on input line 199.
Package babel Info: Redefining spanish shorthand >>
(babel)             in language  on input line 199.
Package babel Info: Redefining spanish shorthand "=
(babel)             in language  on input line 199.
Package babel Info: Redefining spanish shorthand "~
(babel)             in language  on input line 199.
Package babel Info: Redefining spanish shorthand "!
(babel)             in language  on input line 199.
Package babel Info: Redefining spanish shorthand "?
(babel)             in language  on input line 199.
 [4 <../../p2/pantallazos/ej3_select_count.png> <../../p2/pantallazos/ej3_repor
t.png>]
Package babel Info: Redefining spanish shorthand <<
(babel)             in language  on input line 206.
Package babel Info: Redefining spanish shorthand >>
(babel)             in language  on input line 206.
Package babel Info: Redefining spanish shorthand "=
(babel)             in language  on input line 206.
Package babel Info: Redefining spanish shorthand "~
(babel)             in language  on input line 206.
Package babel Info: Redefining spanish shorthand "!
(babel)             in language  on input line 206.
Package babel Info: Redefining spanish shorthand "?
(babel)             in language  on input line 206.

<../../p2/pantallazos/ej5.png, id=72, 555.07375pt x 226.8475pt>
File: ../../p2/pantallazos/ej5.png Graphic file (type png)

<use ../../p2/pantallazos/ej5.png>
Package pdftex.def Info: ../../p2/pantallazos/ej5.png used on input line 213.
(pdftex.def)             Requested size: 375.57782pt x 153.49274pt.
Package babel Info: Redefining spanish shorthand <<
(babel)             in language  on input line 219.
Package babel Info: Redefining spanish shorthand >>
(babel)             in language  on input line 219.
Package babel Info: Redefining spanish shorthand "=
(babel)             in language  on input line 219.
Package babel Info: Redefining spanish shorthand "~
(babel)             in language  on input line 219.
Package babel Info: Redefining spanish shorthand "!
(babel)             in language  on input line 219.
Package babel Info: Redefining spanish shorthand "?
(babel)             in language  on input line 219.
Package babel Info: Redefining spanish shorthand <<
(babel)             in language  on input line 219.
Package babel Info: Redefining spanish shorthand >>
(babel)             in language  on input line 219.
Package babel Info: Redefining spanish shorthand "=
(babel)             in language  on input line 219.
Package babel Info: Redefining spanish shorthand "~
(babel)             in language  on input line 219.
Package babel Info: Redefining spanish shorthand "!
(babel)             in language  on input line 219.
Package babel Info: Redefining spanish shorthand "?
(babel)             in language  on input line 219.
 [5 <../../p2/pantallazos/ej5.png>]
Package babel Info: Redefining spanish shorthand <<
(babel)             in language  on input line 219.
Package babel Info: Redefining spanish shorthand >>
(babel)             in language  on input line 219.
Package babel Info: Redefining spanish shorthand "=
(babel)             in language  on input line 219.
Package babel Info: Redefining spanish shorthand "~
(babel)             in language  on input line 219.
Package babel Info: Redefining spanish shorthand "!
(babel)             in language  on input line 219.
Package babel Info: Redefining spanish shorthand "?
(babel)             in language  on input line 219.

<../../p2/pantallazos/si2_monitor_ej6.png, id=82, 531.9875pt x 144.54pt>
File: ../../p2/pantallazos/si2_monitor_ej6.png Graphic file (type png)

<use ../../p2/pantallazos/si2_monitor_ej6.png>
Package pdftex.def Info: ../../p2/pantallazos/si2_monitor_ej6.png used on input
 line 236.
(pdftex.def)             Requested size: 375.57782pt x 102.04626pt.

<../../p2/pantallazos/nmon_ej_6_mejor.png, id=83, 707.64375pt x 918.43124pt>
File: ../../p2/pantallazos/nmon_ej_6_mejor.png Graphic file (type png)

<use ../../p2/pantallazos/nmon_ej_6_mejor.png>
Package pdftex.def Info: ../../p2/pantallazos/nmon_ej_6_mejor.png used on input
 line 241.
(pdftex.def)             Requested size: 375.57782pt x 487.45293pt.

<../../p2/pantallazos/nmon_ej6.png, id=84, 545.03625pt x 77.28876pt>
File: ../../p2/pantallazos/nmon_ej6.png Graphic file (type png)

<use ../../p2/pantallazos/nmon_ej6.png>
Package pdftex.def Info: ../../p2/pantallazos/nmon_ej6.png used on input line 2
46.
(pdftex.def)             Requested size: 375.57782pt x 53.25853pt.
Package babel Info: Redefining spanish shorthand <<
(babel)             in language  on input line 259.
Package babel Info: Redefining spanish shorthand >>
(babel)             in language  on input line 259.
Package babel Info: Redefining spanish shorthand "=
(babel)             in language  on input line 259.
Package babel Info: Redefining spanish shorthand "~
(babel)             in language  on input line 259.
Package babel Info: Redefining spanish shorthand "!
(babel)             in language  on input line 259.
Package babel Info: Redefining spanish shorthand "?
(babel)             in language  on input line 259.
Package babel Info: Redefining spanish shorthand <<
(babel)             in language  on input line 259.
Package babel Info: Redefining spanish shorthand >>
(babel)             in language  on input line 259.
Package babel Info: Redefining spanish shorthand "=
(babel)             in language  on input line 259.
Package babel Info: Redefining spanish shorthand "~
(babel)             in language  on input line 259.
Package babel Info: Redefining spanish shorthand "!
(babel)             in language  on input line 259.
Package babel Info: Redefining spanish shorthand "?
(babel)             in language  on input line 259.
 [6 <../../p2/pantallazos/si2_monitor_ej6.png>]
Package babel Info: Redefining spanish shorthand <<
(babel)             in language  on input line 259.
Package babel Info: Redefining spanish shorthand >>
(babel)             in language  on input line 259.
Package babel Info: Redefining spanish shorthand "=
(babel)             in language  on input line 259.
Package babel Info: Redefining spanish shorthand "~
(babel)             in language  on input line 259.
Package babel Info: Redefining spanish shorthand "!
(babel)             in language  on input line 259.
Package babel Info: Redefining spanish shorthand "?
(babel)             in language  on input line 259.
Package babel Info: Redefining spanish shorthand <<
(babel)             in language  on input line 259.
Package babel Info: Redefining spanish shorthand >>
(babel)             in language  on input line 259.
Package babel Info: Redefining spanish shorthand "=
(babel)             in language  on input line 259.
Package babel Info: Redefining spanish shorthand "~
(babel)             in language  on input line 259.
Package babel Info: Redefining spanish shorthand "!
(babel)             in language  on input line 259.
Package babel Info: Redefining spanish shorthand "?
(babel)             in language  on input line 259.
 [7 <../../p2/pantallazos/nmon_ej_6_mejor.png> <../../p2/pantallazos/nmon_ej6.p
ng>]
Package babel Info: Redefining spanish shorthand <<
(babel)             in language  on input line 259.
Package babel Info: Redefining spanish shorthand >>
(babel)             in language  on input line 259.
Package babel Info: Redefining spanish shorthand "=
(babel)             in language  on input line 259.
Package babel Info: Redefining spanish shorthand "~
(babel)             in language  on input line 259.
Package babel Info: Redefining spanish shorthand "!
(babel)             in language  on input line 259.
Package babel Info: Redefining spanish shorthand "?
(babel)             in language  on input line 259.
Package babel Info: Redefining spanish shorthand <<
(babel)             in language  on input line 270.
Package babel Info: Redefining spanish shorthand >>
(babel)             in language  on input line 270.
Package babel Info: Redefining spanish shorthand "=
(babel)             in language  on input line 270.
Package babel Info: Redefining spanish shorthand "~
(babel)             in language  on input line 270.
Package babel Info: Redefining spanish shorthand "!
(babel)             in language  on input line 270.
Package babel Info: Redefining spanish shorthand "?
(babel)             in language  on input line 270.
Package mdframed Info: Box was splittet wrong
 starting loop to iterate the splitting point
(mdframed)              on input line 298.
Package babel Info: Redefining spanish shorthand <<
(babel)             in language  on input line 298.
Package babel Info: Redefining spanish shorthand >>
(babel)             in language  on input line 298.
Package babel Info: Redefining spanish shorthand "=
(babel)             in language  on input line 298.
Package babel Info: Redefining spanish shorthand "~
(babel)             in language  on input line 298.
Package babel Info: Redefining spanish shorthand "!
(babel)             in language  on input line 298.
Package babel Info: Redefining spanish shorthand "?
(babel)             in language  on input line 298.
Package babel Info: Redefining spanish shorthand <<
(babel)             in language  on input line 298.
Package babel Info: Redefining spanish shorthand >>
(babel)             in language  on input line 298.
Package babel Info: Redefining spanish shorthand "=
(babel)             in language  on input line 298.
Package babel Info: Redefining spanish shorthand "~
(babel)             in language  on input line 298.
Package babel Info: Redefining spanish shorthand "!
(babel)             in language  on input line 298.
Package babel Info: Redefining spanish shorthand "?
(babel)             in language  on input line 298.
 [8]
Package babel Info: Redefining spanish shorthand <<
(babel)             in language  on input line 302.
Package babel Info: Redefining spanish shorthand >>
(babel)             in language  on input line 302.
Package babel Info: Redefining spanish shorthand "=
(babel)             in language  on input line 302.
Package babel Info: Redefining spanish shorthand "~
(babel)             in language  on input line 302.
Package babel Info: Redefining spanish shorthand "!
(babel)             in language  on input line 302.
Package babel Info: Redefining spanish shorthand "?
(babel)             in language  on input line 302.
 <../../p2/pantallazos/ej9.png, id=107, 821.0675pt x 385.44pt>
File: ../../p2/pantallazos/ej9.png Graphic file (type png)

<use ../../p2/pantallazos/ej9.png>
Package pdftex.def Info: ../../p2/pantallazos/ej9.png used on input line 314.
(pdftex.def)             Requested size: 375.57782pt x 176.31061pt.
Package babel Info: Redefining spanish shorthand <<
(babel)             in language  on input line 324.
Package babel Info: Redefining spanish shorthand >>
(babel)             in language  on input line 324.
Package babel Info: Redefining spanish shorthand "=
(babel)             in language  on input line 324.
Package babel Info: Redefining spanish shorthand "~
(babel)             in language  on input line 324.
Package babel Info: Redefining spanish shorthand "!
(babel)             in language  on input line 324.
Package babel Info: Redefining spanish shorthand "?
(babel)             in language  on input line 324.
Package babel Info: Redefining spanish shorthand <<
(babel)             in language  on input line 324.
Package babel Info: Redefining spanish shorthand >>
(babel)             in language  on input line 324.
Package babel Info: Redefining spanish shorthand "=
(babel)             in language  on input line 324.
Package babel Info: Redefining spanish shorthand "~
(babel)             in language  on input line 324.
Package babel Info: Redefining spanish shorthand "!
(babel)             in language  on input line 324.
Package babel Info: Redefining spanish shorthand "?
(babel)             in language  on input line 324.
 [9 <../../p2/pantallazos/ej9.png>]
<../../p2/pantallazos/ej9_param.png, id=115, 542.025pt x 226.8475pt>
File: ../../p2/pantallazos/ej9_param.png Graphic file (type png)

<use ../../p2/pantallazos/ej9_param.png>
Package pdftex.def Info: ../../p2/pantallazos/ej9_param.png used on input line 
327.
(pdftex.def)             Requested size: 375.57782pt x 157.193pt.

<../../p2/pantallazos/ej9b.png, id=116, 821.0675pt x 380.42125pt>
File: ../../p2/pantallazos/ej9b.png Graphic file (type png)

<use ../../p2/pantallazos/ej9b.png>
Package pdftex.def Info: ../../p2/pantallazos/ej9b.png used on input line 335.
(pdftex.def)             Requested size: 375.57782pt x 174.01488pt.
Package atveryend Info: Empty hook `BeforeClearDocument' on input line 339.
Package babel Info: Redefining spanish shorthand <<
(babel)             in language  on input line 339.
Package babel Info: Redefining spanish shorthand >>
(babel)             in language  on input line 339.
Package babel Info: Redefining spanish shorthand "=
(babel)             in language  on input line 339.
Package babel Info: Redefining spanish shorthand "~
(babel)             in language  on input line 339.
Package babel Info: Redefining spanish shorthand "!
(babel)             in language  on input line 339.
Package babel Info: Redefining spanish shorthand "?
(babel)             in language  on input line 339.
Package babel Info: Redefining spanish shorthand <<
(babel)             in language  on input line 339.
Package babel Info: Redefining spanish shorthand >>
(babel)             in language  on input line 339.
Package babel Info: Redefining spanish shorthand "=
(babel)             in language  on input line 339.
Package babel Info: Redefining spanish shorthand "~
(babel)             in language  on input line 339.
Package babel Info: Redefining spanish shorthand "!
(babel)             in language  on input line 339.
Package babel Info: Redefining spanish shorthand "?
(babel)             in language  on input line 339.
 [10 <../../p2/pantallazos/ej9_param.png> <../../p2/pantallazos/ej9b.png>]
Package atveryend Info: Empty hook `AfterLastShipout' on input line 339.
 (./Memoria.aux
LaTeX Info: Redefining \. on input line 24.
LaTeX Info: Redefining \% on input line 24.
)
Package atveryend Info: Executing hook `AtVeryEndDocument' on input line 339.
Package atveryend Info: Executing hook `AtEndAfterFileList' on input line 339.


Package rerunfilecheck Warning: File `Memoria.out' has changed.
(rerunfilecheck)                Rerun to get outlines right
(rerunfilecheck)                or use package `bookmark'.

Package rerunfilecheck Info: Checksums for `Memoria.out':
(rerunfilecheck)             Before: <no file>
(rerunfilecheck)             After:  34177EF7045F2661D73577FBECC9B18E;414.
Package atveryend Info: Empty hook `AtVeryVeryEnd' on input line 339.
 ) 
Here is how much of TeX's memory you used:
 16079 strings out of 493104
 276851 string characters out of 6136932
 373043 words of memory out of 5000000
 19323 multiletter control sequences out of 15000+600000
 5187 words of font info for 19 fonts, out of 8000000 for 9000
 1141 hyphenation exceptions out of 8191
 39i,13n,39p,10417b,476s stack positions out of 5000i,500n,10000p,200000b,80000s
{/usr/share/texmf/fonts/enc/dvips/cm-super/cm-super-ts1.enc}</usr/share/texli
ve/texmf-dist/fonts/type1/public/amsfonts/cm/cmbx10.pfb></usr/share/texlive/tex
mf-dist/fonts/type1/public/amsfonts/cm/cmbx12.pfb></usr/share/texlive/texmf-dis
t/fonts/type1/public/amsfonts/cm/cmr10.pfb></usr/share/texlive/texmf-dist/fonts
/type1/public/amsfonts/cm/cmr8.pfb></usr/share/texlive/texmf-dist/fonts/type1/p
ublic/amsfonts/cm/cmsy10.pfb></usr/share/texmf/fonts/type1/public/cm-super/sfrm
1000.pfb>
Output written on Memoria.pdf (10 pages, 643710 bytes).
PDF statistics:
 161 PDF objects out of 1000 (max. 8388607)
 108 compressed objects within 2 object streams
 50 named destinations out of 1000 (max. 500000)
 136 words of extra memory for PDF output out of 10000 (max. 10000000)

