2015/04/09 04:19:11 INFO  - jmeter.util.JMeterUtils: Setting Locale to en_US 
2015/04/09 04:19:12 INFO  - jmeter.JMeter: Loading user properties from: /home/guillermo/SI2-git/p2/scripts/jakarta-jmeter/bin/user.properties 
2015/04/09 04:19:12 INFO  - jmeter.JMeter: Loading system properties from: /home/guillermo/SI2-git/p2/scripts/jakarta-jmeter/bin/system.properties 
2015/04/09 04:19:12 INFO  - jmeter.JMeter: Copyright (c) 1998-2011 The Apache Software Foundation 
2015/04/09 04:19:12 INFO  - jmeter.JMeter: Version 2.5.1 r1177103 
2015/04/09 04:19:12 INFO  - jmeter.JMeter: java.version=1.7.0_71 
2015/04/09 04:19:12 INFO  - jmeter.JMeter: java.vm.name=OpenJDK 64-Bit Server VM 
2015/04/09 04:19:12 INFO  - jmeter.JMeter: os.name=Linux 
2015/04/09 04:19:12 INFO  - jmeter.JMeter: os.arch=amd64 
2015/04/09 04:19:12 INFO  - jmeter.JMeter: os.version=3.14.27-100.fc19.x86_64 
2015/04/09 04:19:12 INFO  - jmeter.JMeter: file.encoding=UTF-8 
2015/04/09 04:19:12 INFO  - jmeter.JMeter: Default Locale=English (United States) 
2015/04/09 04:19:12 INFO  - jmeter.JMeter: JMeter  Locale=English (United States) 
2015/04/09 04:19:12 INFO  - jmeter.JMeter: JMeterHome=/home/guillermo/SI2-git/p2/scripts/jakarta-jmeter 
2015/04/09 04:19:12 INFO  - jmeter.JMeter: user.dir  =/home/guillermo/SI2-git/p2/scripts 
2015/04/09 04:19:12 INFO  - jmeter.JMeter: PWD       =/home/guillermo/SI2-git/p2/scripts 
2015/04/09 04:19:12 ERROR - jmeter.util.JMeterUtils: Unable to get local host IP address. 
2015/04/09 04:19:12 ERROR - jmeter.util.JMeterUtils: Unable to get local host IP address. 
2015/04/09 04:19:12 ERROR - jmeter.util.JMeterUtils: Unable to get local host IP address. 
2015/04/09 04:19:12 INFO  - jmeter.JMeter: IP: null Name: null FullName: null 
2015/04/09 04:19:12 INFO  - jmeter.services.FileServer: Default base='/home/guillermo/SI2-git/p2/scripts' 
2015/04/09 04:19:12 INFO  - jmeter.services.FileServer: Set new base '/home/guillermo/SI2-git/p2/scripts' 
2015/04/09 04:19:12 INFO  - jmeter.JMeter: Loading file: P2-curvaProductividad.jmx 
2015/04/09 04:19:12 INFO  - jmeter.save.SaveService: Testplan (JMX) version: 2.2. Testlog (JTL) version: 2.2 
2015/04/09 04:19:12 INFO  - jmeter.save.SaveService: Using SaveService properties file encoding UTF-8 
2015/04/09 04:19:12 INFO  - jmeter.save.SaveService: Using SaveService properties file version 1050447 
2015/04/09 04:19:12 INFO  - jmeter.save.SaveService: Using SaveService properties version 2.1 
2015/04/09 04:19:12 INFO  - jmeter.save.SaveService: All converter versions present and correct 
2015/04/09 04:19:12 INFO  - jmeter.protocol.http.control.CookieManager: Settings: Delete null: true Check: true Allow variable: true Save: false Prefix: COOKIE_ 
2015/04/09 04:19:12 INFO  - jmeter.protocol.http.sampler.HTTPSamplerBase: Cannot find .className property for htmlParser, using default 
2015/04/09 04:19:12 INFO  - jmeter.protocol.http.sampler.HTTPSamplerBase: Parser for text/html is  
2015/04/09 04:19:12 INFO  - jmeter.protocol.http.sampler.HTTPSamplerBase: Parser for application/xhtml+xml is  
2015/04/09 04:19:12 INFO  - jmeter.protocol.http.sampler.HTTPSamplerBase: Parser for application/xml is  
2015/04/09 04:19:12 INFO  - jmeter.protocol.http.sampler.HTTPSamplerBase: Parser for text/xml is  
2015/04/09 04:19:12 INFO  - jmeter.protocol.http.sampler.HTTPSamplerBase: Parser for text/vnd.wap.wml is org.apache.jmeter.protocol.http.parser.RegexpHTMLParser 
2015/04/09 04:19:12 INFO  - jmeter.protocol.http.sampler.HTTPSamplerBase: Reuse SSL session context on subsequent iterations: true 
2015/04/09 04:19:12 INFO  - jmeter.engine.StandardJMeterEngine: Listeners will be started after enabling running version 
2015/04/09 04:19:12 INFO  - jmeter.engine.StandardJMeterEngine: To revert to the earlier behaviour, define jmeterengine.startlistenerslater=false 
2015/04/09 04:19:12 INFO  - jmeter.engine.StandardJMeterEngine: Running the test! 
2015/04/09 04:19:12 INFO  - jmeter.engine.util.CompoundVariable: Note: Function class names must contain the string: '.functions.' 
2015/04/09 04:19:12 INFO  - jmeter.engine.util.CompoundVariable: Note: Function class names must not contain the string: '.gui.' 
2015/04/09 04:19:12 INFO  - jmeter.JMeter: Running test (1428545952666) 
2015/04/09 04:19:12 INFO  - jmeter.engine.StandardJMeterEngine: Starting 625 threads for group Consultas. 
2015/04/09 04:19:12 INFO  - jmeter.engine.StandardJMeterEngine: Thread will continue on error 
2015/04/09 04:19:12 INFO  - jmeter.threads.JMeterThread: jmeterthread.startearlier=true (see jmeter.properties) 
2015/04/09 04:19:12 INFO  - jmeter.threads.JMeterThread: Running PostProcessors in forward order 
2015/04/09 04:19:12 INFO  - jmeter.threads.JMeterThread: Thread started: Consultas 1-1 
2015/04/09 04:19:12 INFO  - jmeter.services.FileServer: Stored: datagen/listado.csv 
2015/04/09 04:19:12 INFO  - jmeter.threads.JMeterThread: Thread started: Consultas 1-2 
2015/04/09 04:19:13 INFO  - jmeter.threads.JMeterThread: Thread started: Consultas 1-3 
2015/04/09 04:19:13 INFO  - jmeter.threads.JMeterThread: Thread started: Consultas 1-4 
2015/04/09 04:19:13 INFO  - jmeter.threads.JMeterThread: Thread started: Consultas 1-5 
2015/04/09 04:19:13 INFO  - jmeter.threads.JMeterThread: Thread started: Consultas 1-6 
2015/04/09 04:19:13 INFO  - jmeter.threads.JMeterThread: Thread started: Consultas 1-10 
2015/04/09 04:19:13 INFO  - jmeter.threads.JMeterThread: Thread started: Consultas 1-7 
2015/04/09 04:19:13 INFO  - jmeter.threads.JMeterThread: Thread started: Consultas 1-8 
2015/04/09 04:19:13 INFO  - jmeter.threads.JMeterThread: Thread started: Consultas 1-9 
2015/04/09 04:19:13 INFO  - jmeter.threads.JMeterThread: Thread started: Consultas 1-11 
2015/04/09 04:19:13 INFO  - jmeter.threads.JMeterThread: Thread started: Consultas 1-12 
2015/04/09 04:19:13 INFO  - jmeter.threads.JMeterThread: Thread started: Consultas 1-15 
2015/04/09 04:19:13 INFO  - jmeter.threads.JMeterThread: Thread started: Consultas 1-14 
2015/04/09 04:19:13 INFO  - jmeter.threads.JMeterThread: Thread started: Consultas 1-13 
2015/04/09 04:19:13 INFO  - jmeter.threads.JMeterThread: Thread started: Consultas 1-16 
2015/04/09 04:19:13 INFO  - jmeter.threads.JMeterThread: Thread started: Consultas 1-19 
2015/04/09 04:19:13 INFO  - jmeter.protocol.http.sampler.HTTPJavaImpl: Maximum connection retries = 10 
2015/04/09 04:19:13 INFO  - jmeter.samplers.SampleResult: Note: Sample TimeStamps are START times 
2015/04/09 04:19:13 INFO  - jmeter.samplers.SampleResult: sampleresult.default.encoding is set to ISO-8859-1 
2015/04/09 04:19:13 INFO  - jmeter.samplers.SampleResult: sampleresult.useNanoTime=true 
2015/04/09 04:19:13 INFO  - jmeter.threads.JMeterThread: Thread started: Consultas 1-18 
2015/04/09 04:19:13 INFO  - jmeter.threads.JMeterThread: Thread started: Consultas 1-17 
2015/04/09 04:19:13 INFO  - jmeter.threads.JMeterThread: Thread started: Consultas 1-23 
2015/04/09 04:19:13 INFO  - jmeter.threads.JMeterThread: Thread started: Consultas 1-22 
2015/04/09 04:19:13 INFO  - jmeter.threads.JMeterThread: Thread started: Consultas 1-20 
2015/04/09 04:19:13 INFO  - jmeter.threads.JMeterThread: Thread started: Consultas 1-21 
2015/04/09 04:19:13 INFO  - jmeter.threads.JMeterThread: Thread started: Consultas 1-24 
2015/04/09 04:19:13 ERROR - jmeter.samplers.SampleEvent: Cannot obtain local host name java.net.UnknownHostException: fijoguille-localdomain: fijoguille-localdomain: Name or service not known 
2015/04/09 04:19:13 INFO  - jmeter.threads.JMeterThread: Thread started: Consultas 1-25 
2015/04/09 04:19:13 INFO  - jmeter.threads.JMeterThread: Thread started: Consultas 1-26 
2015/04/09 04:19:13 INFO  - jmeter.threads.JMeterThread: Thread started: Consultas 1-27 
2015/04/09 04:19:13 INFO  - jmeter.threads.JMeterThread: Thread started: Consultas 1-28 
2015/04/09 04:19:13 INFO  - jmeter.threads.JMeterThread: Thread started: Consultas 1-29 
2015/04/09 04:19:13 INFO  - jmeter.threads.JMeterThread: Thread started: Consultas 1-30 
2015/04/09 04:19:13 INFO  - jmeter.threads.JMeterThread: Thread started: Consultas 1-31 
2015/04/09 04:19:13 INFO  - jmeter.threads.JMeterThread: Thread started: Consultas 1-32 
2015/04/09 04:19:13 INFO  - jmeter.threads.JMeterThread: Thread started: Consultas 1-33 
2015/04/09 04:19:13 INFO  - jmeter.threads.JMeterThread: Thread started: Consultas 1-34 
2015/04/09 04:19:13 INFO  - jmeter.threads.JMeterThread: Thread started: Consultas 1-35 
2015/04/09 04:19:13 INFO  - jmeter.threads.JMeterThread: Thread started: Consultas 1-36 
2015/04/09 04:19:13 INFO  - jmeter.threads.JMeterThread: Thread started: Consultas 1-37 
2015/04/09 04:19:13 INFO  - jmeter.threads.JMeterThread: Thread started: Consultas 1-38 
2015/04/09 04:19:13 INFO  - jmeter.threads.JMeterThread: Thread started: Consultas 1-39 
2015/04/09 04:19:13 INFO  - jmeter.threads.JMeterThread: Thread started: Consultas 1-40 
2015/04/09 04:19:13 INFO  - jmeter.threads.JMeterThread: Thread started: Consultas 1-41 
2015/04/09 04:19:13 INFO  - jmeter.threads.JMeterThread: Thread started: Consultas 1-42 
2015/04/09 04:19:13 INFO  - jmeter.threads.JMeterThread: Thread started: Consultas 1-43 
2015/04/09 04:19:13 INFO  - jmeter.threads.JMeterThread: Thread started: Consultas 1-44 
2015/04/09 04:19:13 INFO  - jmeter.threads.JMeterThread: Thread started: Consultas 1-45 
2015/04/09 04:19:13 INFO  - jmeter.threads.JMeterThread: Thread started: Consultas 1-46 
2015/04/09 04:19:13 INFO  - jmeter.threads.JMeterThread: Thread started: Consultas 1-47 
2015/04/09 04:19:13 INFO  - jmeter.threads.JMeterThread: Thread started: Consultas 1-48 
2015/04/09 04:19:13 INFO  - jmeter.threads.JMeterThread: Thread started: Consultas 1-49 
2015/04/09 04:19:13 INFO  - jmeter.threads.JMeterThread: Thread started: Consultas 1-50 
2015/04/09 04:19:13 INFO  - jmeter.threads.JMeterThread: Thread started: Consultas 1-51 
2015/04/09 04:19:13 INFO  - jmeter.threads.JMeterThread: Thread started: Consultas 1-52 
2015/04/09 04:19:13 INFO  - jmeter.threads.JMeterThread: Thread started: Consultas 1-53 
2015/04/09 04:19:14 INFO  - jmeter.threads.JMeterThread: Thread started: Consultas 1-54 
2015/04/09 04:19:14 INFO  - jmeter.threads.JMeterThread: Thread started: Consultas 1-55 
2015/04/09 04:19:14 INFO  - jmeter.threads.JMeterThread: Thread started: Consultas 1-56 
2015/04/09 04:19:14 INFO  - jmeter.threads.JMeterThread: Thread started: Consultas 1-57 
2015/04/09 04:19:14 INFO  - jmeter.threads.JMeterThread: Thread started: Consultas 1-58 
2015/04/09 04:19:14 INFO  - jmeter.threads.JMeterThread: Thread started: Consultas 1-59 
2015/04/09 04:19:14 INFO  - jmeter.threads.JMeterThread: Thread started: Consultas 1-60 
2015/04/09 04:19:14 INFO  - jmeter.threads.JMeterThread: Thread started: Consultas 1-61 
2015/04/09 04:19:14 INFO  - jmeter.threads.JMeterThread: Thread started: Consultas 1-62 
2015/04/09 04:19:14 INFO  - jmeter.threads.JMeterThread: Thread started: Consultas 1-63 
2015/04/09 04:19:14 INFO  - jmeter.threads.JMeterThread: Thread started: Consultas 1-64 
2015/04/09 04:19:14 INFO  - jmeter.threads.JMeterThread: Thread started: Consultas 1-65 
2015/04/09 04:19:14 INFO  - jmeter.threads.JMeterThread: Thread started: Consultas 1-66 
2015/04/09 04:19:14 INFO  - jmeter.threads.JMeterThread: Thread started: Consultas 1-67 
2015/04/09 04:19:14 INFO  - jmeter.threads.JMeterThread: Thread started: Consultas 1-68 
2015/04/09 04:19:14 INFO  - jmeter.threads.JMeterThread: Thread started: Consultas 1-69 
2015/04/09 04:19:14 INFO  - jmeter.threads.JMeterThread: Thread started: Consultas 1-70 
2015/04/09 04:19:14 INFO  - jmeter.threads.JMeterThread: Thread started: Consultas 1-71 
2015/04/09 04:19:14 INFO  - jmeter.threads.JMeterThread: Thread started: Consultas 1-72 
2015/04/09 04:19:14 INFO  - jmeter.threads.JMeterThread: Thread started: Consultas 1-73 
2015/04/09 04:19:14 INFO  - jmeter.threads.JMeterThread: Thread started: Consultas 1-74 
2015/04/09 04:19:14 INFO  - jmeter.threads.JMeterThread: Thread started: Consultas 1-75 
2015/04/09 04:19:14 INFO  - jmeter.threads.JMeterThread: Thread started: Consultas 1-76 
2015/04/09 04:19:14 INFO  - jmeter.threads.JMeterThread: Thread started: Consultas 1-77 
2015/04/09 04:19:14 INFO  - jmeter.threads.JMeterThread: Thread started: Consultas 1-78 
2015/04/09 04:19:14 INFO  - jmeter.threads.JMeterThread: Thread started: Consultas 1-79 
2015/04/09 04:19:14 INFO  - jmeter.threads.JMeterThread: Thread started: Consultas 1-80 
2015/04/09 04:19:14 INFO  - jmeter.threads.JMeterThread: Thread started: Consultas 1-81 
2015/04/09 04:19:14 INFO  - jmeter.threads.JMeterThread: Thread started: Consultas 1-82 
2015/04/09 04:19:14 INFO  - jmeter.threads.JMeterThread: Thread started: Consultas 1-83 
2015/04/09 04:19:14 INFO  - jmeter.threads.JMeterThread: Thread started: Consultas 1-84 
2015/04/09 04:19:14 INFO  - jmeter.threads.JMeterThread: Thread started: Consultas 1-85 
2015/04/09 04:19:14 INFO  - jmeter.threads.JMeterThread: Thread started: Consultas 1-86 
2015/04/09 04:19:14 INFO  - jmeter.threads.JMeterThread: Thread started: Consultas 1-90 
2015/04/09 04:19:14 INFO  - jmeter.threads.JMeterThread: Thread started: Consultas 1-89 
2015/04/09 04:19:14 INFO  - jmeter.threads.JMeterThread: Thread started: Consultas 1-88 
2015/04/09 04:19:14 INFO  - jmeter.threads.JMeterThread: Thread started: Consultas 1-87 
2015/04/09 04:19:14 INFO  - jmeter.threads.JMeterThread: Thread started: Consultas 1-91 
2015/04/09 04:19:14 INFO  - jmeter.threads.JMeterThread: Thread started: Consultas 1-93 
2015/04/09 04:19:14 INFO  - jmeter.engine.StandardJMeterEngine: All threads have been started 
2015/04/09 04:19:14 INFO  - jmeter.threads.JMeterThread: Thread started: Consultas 1-92 
2015/04/09 04:19:14 INFO  - jmeter.threads.JMeterThread: Thread started: Consultas 1-94 
2015/04/09 04:19:14 INFO  - jmeter.threads.JMeterThread: Thread started: Consultas 1-95 
2015/04/09 04:19:14 INFO  - jmeter.threads.JMeterThread: Thread started: Consultas 1-96 
2015/04/09 04:19:14 INFO  - jmeter.threads.JMeterThread: Thread started: Consultas 1-97 
2015/04/09 04:19:14 INFO  - jmeter.threads.JMeterThread: Thread started: Consultas 1-98 
2015/04/09 04:19:14 INFO  - jmeter.threads.JMeterThread: Thread started: Consultas 1-99 
2015/04/09 04:19:14 INFO  - jmeter.threads.JMeterThread: Thread started: Consultas 1-100 
2015/04/09 04:19:14 INFO  - jmeter.threads.JMeterThread: Thread started: Consultas 1-101 
2015/04/09 04:19:14 INFO  - jmeter.threads.JMeterThread: Thread started: Consultas 1-102 
2015/04/09 04:19:14 INFO  - jmeter.threads.JMeterThread: Thread started: Consultas 1-103 
2015/04/09 04:19:14 INFO  - jmeter.threads.JMeterThread: Thread started: Consultas 1-104 
2015/04/09 04:19:14 INFO  - jmeter.threads.JMeterThread: Thread started: Consultas 1-105 
2015/04/09 04:19:14 INFO  - jmeter.threads.JMeterThread: Thread started: Consultas 1-106 
2015/04/09 04:19:14 INFO  - jmeter.threads.JMeterThread: Thread started: Consultas 1-107 
2015/04/09 04:19:15 INFO  - jmeter.threads.JMeterThread: Thread started: Consultas 1-108 
2015/04/09 04:19:15 INFO  - jmeter.threads.JMeterThread: Thread started: Consultas 1-109 
2015/04/09 04:19:15 INFO  - jmeter.threads.JMeterThread: Thread started: Consultas 1-110 
2015/04/09 04:19:15 INFO  - jmeter.threads.JMeterThread: Thread started: Consultas 1-111 
2015/04/09 04:19:15 INFO  - jmeter.threads.JMeterThread: Thread started: Consultas 1-112 
2015/04/09 04:19:15 INFO  - jmeter.threads.JMeterThread: Thread started: Consultas 1-113 
2015/04/09 04:19:15 INFO  - jmeter.threads.JMeterThread: Thread started: Consultas 1-114 
2015/04/09 04:19:15 INFO  - jmeter.threads.JMeterThread: Thread started: Consultas 1-115 
2015/04/09 04:19:15 INFO  - jmeter.threads.JMeterThread: Thread started: Consultas 1-116 
2015/04/09 04:19:15 INFO  - jmeter.threads.JMeterThread: Thread started: Consultas 1-117 
2015/04/09 04:19:15 INFO  - jmeter.threads.JMeterThread: Thread started: Consultas 1-118 
2015/04/09 04:19:15 INFO  - jmeter.threads.JMeterThread: Thread started: Consultas 1-119 
2015/04/09 04:19:15 INFO  - jmeter.threads.JMeterThread: Thread started: Consultas 1-120 
2015/04/09 04:19:15 INFO  - jmeter.threads.JMeterThread: Thread started: Consultas 1-121 
2015/04/09 04:19:15 INFO  - jmeter.threads.JMeterThread: Thread started: Consultas 1-122 
2015/04/09 04:19:15 INFO  - jmeter.threads.JMeterThread: Thread started: Consultas 1-123 
2015/04/09 04:19:15 INFO  - jmeter.threads.JMeterThread: Thread started: Consultas 1-124 
2015/04/09 04:19:15 INFO  - jmeter.threads.JMeterThread: Thread started: Consultas 1-125 
2015/04/09 04:19:15 INFO  - jmeter.threads.JMeterThread: Thread started: Consultas 1-126 
2015/04/09 04:19:15 INFO  - jmeter.threads.JMeterThread: Thread started: Consultas 1-127 
2015/04/09 04:19:15 INFO  - jmeter.threads.JMeterThread: Thread started: Consultas 1-128 
2015/04/09 04:19:15 INFO  - jmeter.threads.JMeterThread: Thread started: Consultas 1-129 
2015/04/09 04:19:15 INFO  - jmeter.threads.JMeterThread: Thread started: Consultas 1-130 
2015/04/09 04:19:15 INFO  - jmeter.threads.JMeterThread: Thread started: Consultas 1-131 
2015/04/09 04:19:15 INFO  - jmeter.threads.JMeterThread: Thread started: Consultas 1-132 
2015/04/09 04:19:15 INFO  - jmeter.threads.JMeterThread: Thread started: Consultas 1-133 
2015/04/09 04:19:15 INFO  - jmeter.threads.JMeterThread: Thread started: Consultas 1-134 
2015/04/09 04:19:15 INFO  - jmeter.threads.JMeterThread: Thread started: Consultas 1-135 
2015/04/09 04:19:15 INFO  - jmeter.threads.JMeterThread: Thread started: Consultas 1-136 
2015/04/09 04:19:15 INFO  - jmeter.threads.JMeterThread: Thread started: Consultas 1-137 
2015/04/09 04:19:15 INFO  - jmeter.threads.JMeterThread: Thread started: Consultas 1-138 
2015/04/09 04:19:15 INFO  - jmeter.threads.JMeterThread: Thread started: Consultas 1-139 
2015/04/09 04:19:15 INFO  - jmeter.threads.JMeterThread: Thread started: Consultas 1-140 
2015/04/09 04:19:15 INFO  - jmeter.threads.JMeterThread: Thread started: Consultas 1-141 
2015/04/09 04:19:15 INFO  - jmeter.threads.JMeterThread: Thread started: Consultas 1-142 
2015/04/09 04:19:15 INFO  - jmeter.threads.JMeterThread: Thread started: Consultas 1-143 
2015/04/09 04:19:15 INFO  - jmeter.threads.JMeterThread: Thread started: Consultas 1-144 
2015/04/09 04:19:15 INFO  - jmeter.threads.JMeterThread: Thread started: Consultas 1-145 
2015/04/09 04:19:15 INFO  - jmeter.threads.JMeterThread: Thread started: Consultas 1-146 
2015/04/09 04:19:15 INFO  - jmeter.threads.JMeterThread: Thread started: Consultas 1-147 
2015/04/09 04:19:15 INFO  - jmeter.threads.JMeterThread: Thread started: Consultas 1-148 
2015/04/09 04:19:15 INFO  - jmeter.threads.JMeterThread: Thread started: Consultas 1-149 
2015/04/09 04:19:15 INFO  - jmeter.threads.JMeterThread: Thread started: Consultas 1-150 
2015/04/09 04:19:15 INFO  - jmeter.threads.JMeterThread: Thread started: Consultas 1-151 
2015/04/09 04:19:15 INFO  - jmeter.threads.JMeterThread: Thread started: Consultas 1-152 
2015/04/09 04:19:15 INFO  - jmeter.threads.JMeterThread: Thread started: Consultas 1-153 
2015/04/09 04:19:15 INFO  - jmeter.threads.JMeterThread: Thread started: Consultas 1-154 
2015/04/09 04:19:15 INFO  - jmeter.threads.JMeterThread: Thread started: Consultas 1-155 
2015/04/09 04:19:15 INFO  - jmeter.threads.JMeterThread: Thread started: Consultas 1-156 
2015/04/09 04:19:15 INFO  - jmeter.threads.JMeterThread: Thread started: Consultas 1-157 
2015/04/09 04:19:15 INFO  - jmeter.threads.JMeterThread: Thread started: Consultas 1-158 
2015/04/09 04:19:15 INFO  - jmeter.threads.JMeterThread: Thread started: Consultas 1-159 
2015/04/09 04:19:15 INFO  - jmeter.threads.JMeterThread: Thread started: Consultas 1-161 
2015/04/09 04:19:15 INFO  - jmeter.threads.JMeterThread: Thread started: Consultas 1-160 
2015/04/09 04:19:15 INFO  - jmeter.threads.JMeterThread: Thread started: Consultas 1-162 
2015/04/09 04:19:16 INFO  - jmeter.threads.JMeterThread: Thread started: Consultas 1-163 
2015/04/09 04:19:16 INFO  - jmeter.threads.JMeterThread: Thread started: Consultas 1-164 
2015/04/09 04:19:16 INFO  - jmeter.threads.JMeterThread: Thread started: Consultas 1-165 
2015/04/09 04:19:16 INFO  - jmeter.threads.JMeterThread: Thread started: Consultas 1-166 
2015/04/09 04:19:16 INFO  - jmeter.threads.JMeterThread: Thread started: Consultas 1-167 
2015/04/09 04:19:16 INFO  - jmeter.threads.JMeterThread: Thread started: Consultas 1-168 
2015/04/09 04:19:16 INFO  - jmeter.threads.JMeterThread: Thread started: Consultas 1-169 
2015/04/09 04:19:16 INFO  - jmeter.threads.JMeterThread: Thread started: Consultas 1-170 
2015/04/09 04:19:16 INFO  - jmeter.threads.JMeterThread: Thread started: Consultas 1-171 
2015/04/09 04:19:16 INFO  - jmeter.threads.JMeterThread: Thread started: Consultas 1-172 
2015/04/09 04:19:16 INFO  - jmeter.threads.JMeterThread: Thread started: Consultas 1-173 
2015/04/09 04:19:16 INFO  - jmeter.threads.JMeterThread: Thread started: Consultas 1-174 
2015/04/09 04:19:16 INFO  - jmeter.threads.JMeterThread: Thread started: Consultas 1-175 
2015/04/09 04:19:16 INFO  - jmeter.threads.JMeterThread: Thread started: Consultas 1-176 
2015/04/09 04:19:16 INFO  - jmeter.threads.JMeterThread: Thread started: Consultas 1-177 
2015/04/09 04:19:16 INFO  - jmeter.threads.JMeterThread: Thread started: Consultas 1-178 
2015/04/09 04:19:16 INFO  - jmeter.threads.JMeterThread: Thread started: Consultas 1-179 
2015/04/09 04:19:16 INFO  - jmeter.threads.JMeterThread: Thread started: Consultas 1-180 
2015/04/09 04:19:16 INFO  - jmeter.threads.JMeterThread: Thread started: Consultas 1-181 
2015/04/09 04:19:16 INFO  - jmeter.threads.JMeterThread: Thread started: Consultas 1-182 
2015/04/09 04:19:16 INFO  - jmeter.threads.JMeterThread: Thread started: Consultas 1-183 
2015/04/09 04:19:16 INFO  - jmeter.threads.JMeterThread: Thread started: Consultas 1-184 
2015/04/09 04:19:16 INFO  - jmeter.threads.JMeterThread: Thread started: Consultas 1-185 
2015/04/09 04:19:16 INFO  - jmeter.threads.JMeterThread: Thread started: Consultas 1-186 
2015/04/09 04:19:16 INFO  - jmeter.threads.JMeterThread: Thread started: Consultas 1-187 
2015/04/09 04:19:16 INFO  - jmeter.threads.JMeterThread: Thread started: Consultas 1-188 
2015/04/09 04:19:16 INFO  - jmeter.threads.JMeterThread: Thread started: Consultas 1-189 
2015/04/09 04:19:16 INFO  - jmeter.threads.JMeterThread: Thread started: Consultas 1-190 
2015/04/09 04:19:16 INFO  - jmeter.threads.JMeterThread: Thread started: Consultas 1-191 
2015/04/09 04:19:16 INFO  - jmeter.threads.JMeterThread: Thread started: Consultas 1-192 
2015/04/09 04:19:16 INFO  - jmeter.threads.JMeterThread: Thread started: Consultas 1-193 
2015/04/09 04:19:16 INFO  - jmeter.threads.JMeterThread: Thread started: Consultas 1-194 
2015/04/09 04:19:16 INFO  - jmeter.threads.JMeterThread: Thread started: Consultas 1-195 
2015/04/09 04:19:16 INFO  - jmeter.threads.JMeterThread: Thread started: Consultas 1-196 
2015/04/09 04:19:16 INFO  - jmeter.threads.JMeterThread: Thread started: Consultas 1-197 
2015/04/09 04:19:16 INFO  - jmeter.threads.JMeterThread: Thread started: Consultas 1-198 
2015/04/09 04:19:16 INFO  - jmeter.threads.JMeterThread: Thread started: Consultas 1-199 
2015/04/09 04:19:16 INFO  - jmeter.threads.JMeterThread: Thread started: Consultas 1-200 
2015/04/09 04:19:16 INFO  - jmeter.threads.JMeterThread: Thread started: Consultas 1-201 
2015/04/09 04:19:16 INFO  - jmeter.threads.JMeterThread: Thread started: Consultas 1-202 
2015/04/09 04:19:16 INFO  - jmeter.threads.JMeterThread: Thread started: Consultas 1-203 
2015/04/09 04:19:16 INFO  - jmeter.threads.JMeterThread: Thread started: Consultas 1-204 
2015/04/09 04:19:16 INFO  - jmeter.threads.JMeterThread: Thread started: Consultas 1-205 
2015/04/09 04:19:16 INFO  - jmeter.threads.JMeterThread: Thread started: Consultas 1-206 
2015/04/09 04:19:16 INFO  - jmeter.threads.JMeterThread: Thread started: Consultas 1-207 
2015/04/09 04:19:16 INFO  - jmeter.threads.JMeterThread: Thread started: Consultas 1-208 
2015/04/09 04:19:16 INFO  - jmeter.threads.JMeterThread: Thread started: Consultas 1-209 
2015/04/09 04:19:16 INFO  - jmeter.threads.JMeterThread: Thread started: Consultas 1-210 
2015/04/09 04:19:16 INFO  - jmeter.threads.JMeterThread: Thread started: Consultas 1-211 
2015/04/09 04:19:16 INFO  - jmeter.threads.JMeterThread: Thread started: Consultas 1-212 
2015/04/09 04:19:16 INFO  - jmeter.threads.JMeterThread: Thread started: Consultas 1-213 
2015/04/09 04:19:16 INFO  - jmeter.threads.JMeterThread: Thread started: Consultas 1-214 
2015/04/09 04:19:16 INFO  - jmeter.threads.JMeterThread: Thread started: Consultas 1-215 
2015/04/09 04:19:16 INFO  - jmeter.threads.JMeterThread: Thread started: Consultas 1-216 
2015/04/09 04:19:16 INFO  - jmeter.threads.JMeterThread: Thread started: Consultas 1-217 
2015/04/09 04:19:16 INFO  - jmeter.threads.JMeterThread: Thread started: Consultas 1-218 
2015/04/09 04:19:16 INFO  - jmeter.threads.JMeterThread: Thread started: Consultas 1-219 
2015/04/09 04:19:17 INFO  - jmeter.threads.JMeterThread: Thread started: Consultas 1-220 
2015/04/09 04:19:17 INFO  - jmeter.threads.JMeterThread: Thread started: Consultas 1-221 
2015/04/09 04:19:17 INFO  - jmeter.threads.JMeterThread: Thread started: Consultas 1-222 
2015/04/09 04:19:17 INFO  - jmeter.threads.JMeterThread: Thread started: Consultas 1-223 
2015/04/09 04:19:17 INFO  - jmeter.threads.JMeterThread: Thread started: Consultas 1-224 
2015/04/09 04:19:17 INFO  - jmeter.threads.JMeterThread: Thread started: Consultas 1-225 
2015/04/09 04:19:17 INFO  - jmeter.threads.JMeterThread: Thread started: Consultas 1-226 
2015/04/09 04:19:17 INFO  - jmeter.threads.JMeterThread: Thread started: Consultas 1-227 
2015/04/09 04:19:17 INFO  - jmeter.threads.JMeterThread: Thread started: Consultas 1-228 
2015/04/09 04:19:17 INFO  - jmeter.threads.JMeterThread: Thread started: Consultas 1-229 
2015/04/09 04:19:17 INFO  - jmeter.threads.JMeterThread: Thread started: Consultas 1-230 
2015/04/09 04:19:17 INFO  - jmeter.threads.JMeterThread: Thread started: Consultas 1-231 
2015/04/09 04:19:17 INFO  - jmeter.threads.JMeterThread: Thread started: Consultas 1-232 
2015/04/09 04:19:17 INFO  - jmeter.threads.JMeterThread: Thread started: Consultas 1-233 
2015/04/09 04:19:17 INFO  - jmeter.threads.JMeterThread: Thread started: Consultas 1-234 
2015/04/09 04:19:17 INFO  - jmeter.threads.JMeterThread: Thread started: Consultas 1-235 
2015/04/09 04:19:17 INFO  - jmeter.threads.JMeterThread: Thread started: Consultas 1-236 
2015/04/09 04:19:17 INFO  - jmeter.threads.JMeterThread: Thread started: Consultas 1-237 
2015/04/09 04:19:17 INFO  - jmeter.threads.JMeterThread: Thread started: Consultas 1-238 
2015/04/09 04:19:17 INFO  - jmeter.threads.JMeterThread: Thread started: Consultas 1-239 
2015/04/09 04:19:17 INFO  - jmeter.threads.JMeterThread: Thread started: Consultas 1-240 
2015/04/09 04:19:17 INFO  - jmeter.threads.JMeterThread: Thread started: Consultas 1-241 
2015/04/09 04:19:17 INFO  - jmeter.threads.JMeterThread: Thread started: Consultas 1-242 
2015/04/09 04:19:17 INFO  - jmeter.threads.JMeterThread: Thread started: Consultas 1-243 
2015/04/09 04:19:17 INFO  - jmeter.threads.JMeterThread: Thread started: Consultas 1-244 
2015/04/09 04:19:17 INFO  - jmeter.threads.JMeterThread: Thread started: Consultas 1-245 
2015/04/09 04:19:17 INFO  - jmeter.threads.JMeterThread: Thread started: Consultas 1-246 
2015/04/09 04:19:17 INFO  - jmeter.threads.JMeterThread: Thread started: Consultas 1-247 
2015/04/09 04:19:17 INFO  - jmeter.threads.JMeterThread: Thread started: Consultas 1-248 
2015/04/09 04:19:17 INFO  - jmeter.threads.JMeterThread: Thread started: Consultas 1-249 
2015/04/09 04:19:17 INFO  - jmeter.threads.JMeterThread: Thread started: Consultas 1-250 
2015/04/09 04:19:17 INFO  - jmeter.threads.JMeterThread: Thread started: Consultas 1-251 
2015/04/09 04:19:17 INFO  - jmeter.threads.JMeterThread: Thread started: Consultas 1-252 
2015/04/09 04:19:17 INFO  - jmeter.threads.JMeterThread: Thread started: Consultas 1-253 
2015/04/09 04:19:17 INFO  - jmeter.threads.JMeterThread: Thread started: Consultas 1-254 
2015/04/09 04:19:17 INFO  - jmeter.threads.JMeterThread: Thread started: Consultas 1-255 
2015/04/09 04:19:17 INFO  - jmeter.threads.JMeterThread: Thread started: Consultas 1-256 
2015/04/09 04:19:17 INFO  - jmeter.threads.JMeterThread: Thread started: Consultas 1-257 
2015/04/09 04:19:17 INFO  - jmeter.threads.JMeterThread: Thread started: Consultas 1-258 
2015/04/09 04:19:17 INFO  - jmeter.threads.JMeterThread: Thread started: Consultas 1-259 
2015/04/09 04:19:17 INFO  - jmeter.threads.JMeterThread: Thread started: Consultas 1-260 
2015/04/09 04:19:17 INFO  - jmeter.threads.JMeterThread: Thread started: Consultas 1-261 
2015/04/09 04:19:17 INFO  - jmeter.threads.JMeterThread: Thread started: Consultas 1-262 
2015/04/09 04:19:17 INFO  - jmeter.threads.JMeterThread: Thread started: Consultas 1-263 
2015/04/09 04:19:17 INFO  - jmeter.threads.JMeterThread: Thread started: Consultas 1-264 
2015/04/09 04:19:17 INFO  - jmeter.threads.JMeterThread: Thread started: Consultas 1-265 
2015/04/09 04:19:17 INFO  - jmeter.threads.JMeterThread: Thread started: Consultas 1-266 
2015/04/09 04:19:17 INFO  - jmeter.threads.JMeterThread: Thread started: Consultas 1-267 
2015/04/09 04:19:17 INFO  - jmeter.threads.JMeterThread: Thread started: Consultas 1-268 
2015/04/09 04:19:17 INFO  - jmeter.threads.JMeterThread: Thread started: Consultas 1-269 
2015/04/09 04:19:17 INFO  - jmeter.threads.JMeterThread: Thread started: Consultas 1-270 
2015/04/09 04:19:17 INFO  - jmeter.threads.JMeterThread: Thread started: Consultas 1-271 
2015/04/09 04:19:17 INFO  - jmeter.threads.JMeterThread: Thread started: Consultas 1-272 
2015/04/09 04:19:17 INFO  - jmeter.threads.JMeterThread: Thread started: Consultas 1-273 
2015/04/09 04:19:17 INFO  - jmeter.threads.JMeterThread: Thread started: Consultas 1-274 
2015/04/09 04:19:17 INFO  - jmeter.threads.JMeterThread: Thread started: Consultas 1-275 
2015/04/09 04:19:17 INFO  - jmeter.threads.JMeterThread: Thread started: Consultas 1-276 
2015/04/09 04:19:17 INFO  - jmeter.threads.JMeterThread: Thread started: Consultas 1-277 
2015/04/09 04:19:18 INFO  - jmeter.threads.JMeterThread: Thread started: Consultas 1-278 
2015/04/09 04:19:18 INFO  - jmeter.threads.JMeterThread: Thread started: Consultas 1-279 
2015/04/09 04:19:18 INFO  - jmeter.threads.JMeterThread: Thread started: Consultas 1-280 
2015/04/09 04:19:18 INFO  - jmeter.threads.JMeterThread: Thread started: Consultas 1-281 
2015/04/09 04:19:18 INFO  - jmeter.threads.JMeterThread: Thread started: Consultas 1-282 
2015/04/09 04:19:18 INFO  - jmeter.threads.JMeterThread: Thread started: Consultas 1-283 
2015/04/09 04:19:18 INFO  - jmeter.threads.JMeterThread: Thread started: Consultas 1-284 
2015/04/09 04:19:18 INFO  - jmeter.threads.JMeterThread: Thread started: Consultas 1-285 
2015/04/09 04:19:18 INFO  - jmeter.threads.JMeterThread: Thread started: Consultas 1-286 
2015/04/09 04:19:18 INFO  - jmeter.threads.JMeterThread: Thread started: Consultas 1-287 
2015/04/09 04:19:18 INFO  - jmeter.threads.JMeterThread: Thread started: Consultas 1-288 
2015/04/09 04:19:18 INFO  - jmeter.threads.JMeterThread: Thread started: Consultas 1-289 
2015/04/09 04:19:18 INFO  - jmeter.threads.JMeterThread: Thread started: Consultas 1-290 
2015/04/09 04:19:18 INFO  - jmeter.threads.JMeterThread: Thread started: Consultas 1-291 
2015/04/09 04:19:18 INFO  - jmeter.threads.JMeterThread: Thread started: Consultas 1-292 
2015/04/09 04:19:18 INFO  - jmeter.threads.JMeterThread: Thread started: Consultas 1-293 
2015/04/09 04:19:18 INFO  - jmeter.threads.JMeterThread: Thread started: Consultas 1-294 
2015/04/09 04:19:18 INFO  - jmeter.threads.JMeterThread: Thread started: Consultas 1-295 
2015/04/09 04:19:18 INFO  - jmeter.threads.JMeterThread: Thread started: Consultas 1-296 
2015/04/09 04:19:18 INFO  - jmeter.threads.JMeterThread: Thread started: Consultas 1-297 
2015/04/09 04:19:18 INFO  - jmeter.threads.JMeterThread: Thread started: Consultas 1-298 
2015/04/09 04:19:18 INFO  - jmeter.threads.JMeterThread: Thread started: Consultas 1-299 
2015/04/09 04:19:18 INFO  - jmeter.threads.JMeterThread: Thread started: Consultas 1-300 
2015/04/09 04:19:18 INFO  - jmeter.threads.JMeterThread: Thread started: Consultas 1-301 
2015/04/09 04:19:18 INFO  - jmeter.threads.JMeterThread: Thread started: Consultas 1-302 
2015/04/09 04:19:18 INFO  - jmeter.threads.JMeterThread: Thread started: Consultas 1-303 
2015/04/09 04:19:18 INFO  - jmeter.threads.JMeterThread: Thread started: Consultas 1-304 
2015/04/09 04:19:18 INFO  - jmeter.threads.JMeterThread: Thread started: Consultas 1-305 
2015/04/09 04:19:18 INFO  - jmeter.threads.JMeterThread: Thread started: Consultas 1-306 
2015/04/09 04:19:18 INFO  - jmeter.threads.JMeterThread: Thread started: Consultas 1-307 
2015/04/09 04:19:18 INFO  - jmeter.threads.JMeterThread: Thread started: Consultas 1-308 
2015/04/09 04:19:18 INFO  - jmeter.threads.JMeterThread: Thread started: Consultas 1-309 
2015/04/09 04:19:18 INFO  - jmeter.threads.JMeterThread: Thread started: Consultas 1-310 
2015/04/09 04:19:18 INFO  - jmeter.threads.JMeterThread: Thread started: Consultas 1-311 
2015/04/09 04:19:18 INFO  - jmeter.threads.JMeterThread: Thread started: Consultas 1-312 
2015/04/09 04:19:18 INFO  - jmeter.threads.JMeterThread: Thread started: Consultas 1-313 
2015/04/09 04:19:18 INFO  - jmeter.threads.JMeterThread: Thread started: Consultas 1-314 
2015/04/09 04:19:18 INFO  - jmeter.threads.JMeterThread: Thread started: Consultas 1-315 
2015/04/09 04:19:18 INFO  - jmeter.threads.JMeterThread: Thread started: Consultas 1-316 
2015/04/09 04:19:18 INFO  - jmeter.threads.JMeterThread: Thread started: Consultas 1-317 
2015/04/09 04:19:18 INFO  - jmeter.threads.JMeterThread: Thread started: Consultas 1-318 
2015/04/09 04:19:18 INFO  - jmeter.threads.JMeterThread: Thread started: Consultas 1-319 
2015/04/09 04:19:18 INFO  - jmeter.threads.JMeterThread: Thread started: Consultas 1-320 
2015/04/09 04:19:18 INFO  - jmeter.threads.JMeterThread: Thread started: Consultas 1-321 
2015/04/09 04:19:18 INFO  - jmeter.threads.JMeterThread: Thread started: Consultas 1-322 
2015/04/09 04:19:18 INFO  - jmeter.threads.JMeterThread: Thread started: Consultas 1-323 
2015/04/09 04:19:18 INFO  - jmeter.threads.JMeterThread: Thread started: Consultas 1-324 
2015/04/09 04:19:18 INFO  - jmeter.threads.JMeterThread: Thread started: Consultas 1-325 
2015/04/09 04:19:18 INFO  - jmeter.threads.JMeterThread: Thread started: Consultas 1-326 
2015/04/09 04:19:18 INFO  - jmeter.threads.JMeterThread: Thread started: Consultas 1-327 
2015/04/09 04:19:18 INFO  - jmeter.threads.JMeterThread: Thread started: Consultas 1-328 
2015/04/09 04:19:19 INFO  - jmeter.threads.JMeterThread: Thread started: Consultas 1-329 
2015/04/09 04:19:19 INFO  - jmeter.threads.JMeterThread: Thread started: Consultas 1-330 
2015/04/09 04:19:19 INFO  - jmeter.threads.JMeterThread: Thread started: Consultas 1-331 
2015/04/09 04:19:19 INFO  - jmeter.threads.JMeterThread: Thread started: Consultas 1-332 
2015/04/09 04:19:19 INFO  - jmeter.threads.JMeterThread: Thread started: Consultas 1-333 
2015/04/09 04:19:19 INFO  - jmeter.threads.JMeterThread: Thread started: Consultas 1-334 
2015/04/09 04:19:19 INFO  - jmeter.threads.JMeterThread: Thread started: Consultas 1-335 
2015/04/09 04:19:19 INFO  - jmeter.threads.JMeterThread: Thread started: Consultas 1-336 
2015/04/09 04:19:19 INFO  - jmeter.threads.JMeterThread: Thread started: Consultas 1-337 
2015/04/09 04:19:19 INFO  - jmeter.threads.JMeterThread: Thread started: Consultas 1-338 
2015/04/09 04:19:19 INFO  - jmeter.threads.JMeterThread: Thread started: Consultas 1-339 
2015/04/09 04:19:19 INFO  - jmeter.threads.JMeterThread: Thread started: Consultas 1-340 
2015/04/09 04:19:19 INFO  - jmeter.threads.JMeterThread: Thread started: Consultas 1-341 
2015/04/09 04:19:19 INFO  - jmeter.threads.JMeterThread: Thread started: Consultas 1-342 
2015/04/09 04:19:19 INFO  - jmeter.threads.JMeterThread: Thread started: Consultas 1-343 
2015/04/09 04:19:19 INFO  - jmeter.threads.JMeterThread: Thread started: Consultas 1-344 
2015/04/09 04:19:19 INFO  - jmeter.threads.JMeterThread: Thread started: Consultas 1-345 
2015/04/09 04:19:19 INFO  - jmeter.threads.JMeterThread: Thread started: Consultas 1-346 
2015/04/09 04:19:19 INFO  - jmeter.threads.JMeterThread: Thread started: Consultas 1-347 
2015/04/09 04:19:19 INFO  - jmeter.threads.JMeterThread: Thread started: Consultas 1-348 
2015/04/09 04:19:19 INFO  - jmeter.threads.JMeterThread: Thread started: Consultas 1-349 
2015/04/09 04:19:19 INFO  - jmeter.threads.JMeterThread: Thread started: Consultas 1-350 
2015/04/09 04:19:19 INFO  - jmeter.threads.JMeterThread: Thread started: Consultas 1-351 
2015/04/09 04:19:19 INFO  - jmeter.threads.JMeterThread: Thread started: Consultas 1-352 
2015/04/09 04:19:19 INFO  - jmeter.threads.JMeterThread: Thread started: Consultas 1-353 
2015/04/09 04:19:19 INFO  - jmeter.threads.JMeterThread: Thread started: Consultas 1-354 
2015/04/09 04:19:19 INFO  - jmeter.threads.JMeterThread: Thread started: Consultas 1-355 
2015/04/09 04:19:19 INFO  - jmeter.threads.JMeterThread: Thread started: Consultas 1-356 
2015/04/09 04:19:19 INFO  - jmeter.threads.JMeterThread: Thread started: Consultas 1-357 
2015/04/09 04:19:19 INFO  - jmeter.threads.JMeterThread: Thread started: Consultas 1-358 
2015/04/09 04:19:19 INFO  - jmeter.threads.JMeterThread: Thread started: Consultas 1-359 
2015/04/09 04:19:19 INFO  - jmeter.threads.JMeterThread: Thread started: Consultas 1-360 
2015/04/09 04:19:19 INFO  - jmeter.threads.JMeterThread: Thread started: Consultas 1-361 
2015/04/09 04:19:19 INFO  - jmeter.threads.JMeterThread: Thread started: Consultas 1-362 
2015/04/09 04:19:19 INFO  - jmeter.threads.JMeterThread: Thread started: Consultas 1-363 
2015/04/09 04:19:19 INFO  - jmeter.threads.JMeterThread: Thread started: Consultas 1-364 
2015/04/09 04:19:19 INFO  - jmeter.threads.JMeterThread: Thread started: Consultas 1-365 
2015/04/09 04:19:19 INFO  - jmeter.threads.JMeterThread: Thread started: Consultas 1-366 
2015/04/09 04:19:19 INFO  - jmeter.threads.JMeterThread: Thread started: Consultas 1-367 
2015/04/09 04:19:19 INFO  - jmeter.threads.JMeterThread: Thread started: Consultas 1-368 
2015/04/09 04:19:19 INFO  - jmeter.threads.JMeterThread: Thread started: Consultas 1-369 
2015/04/09 04:19:19 INFO  - jmeter.threads.JMeterThread: Thread started: Consultas 1-370 
2015/04/09 04:19:19 INFO  - jmeter.threads.JMeterThread: Thread started: Consultas 1-371 
2015/04/09 04:19:19 INFO  - jmeter.threads.JMeterThread: Thread started: Consultas 1-372 
2015/04/09 04:19:19 INFO  - jmeter.threads.JMeterThread: Thread started: Consultas 1-374 
2015/04/09 04:19:19 INFO  - jmeter.threads.JMeterThread: Thread started: Consultas 1-373 
2015/04/09 04:19:19 INFO  - jmeter.threads.JMeterThread: Thread started: Consultas 1-375 
2015/04/09 04:19:19 INFO  - jmeter.threads.JMeterThread: Thread started: Consultas 1-376 
2015/04/09 04:19:19 INFO  - jmeter.threads.JMeterThread: Thread started: Consultas 1-377 
2015/04/09 04:19:19 INFO  - jmeter.threads.JMeterThread: Thread started: Consultas 1-378 
2015/04/09 04:19:19 INFO  - jmeter.threads.JMeterThread: Thread started: Consultas 1-379 
2015/04/09 04:19:20 INFO  - jmeter.threads.JMeterThread: Thread started: Consultas 1-380 
2015/04/09 04:19:20 INFO  - jmeter.threads.JMeterThread: Thread started: Consultas 1-381 
2015/04/09 04:19:20 INFO  - jmeter.threads.JMeterThread: Thread started: Consultas 1-382 
2015/04/09 04:19:20 INFO  - jmeter.threads.JMeterThread: Thread started: Consultas 1-383 
2015/04/09 04:19:20 INFO  - jmeter.threads.JMeterThread: Thread started: Consultas 1-384 
2015/04/09 04:19:20 INFO  - jmeter.threads.JMeterThread: Thread started: Consultas 1-385 
2015/04/09 04:19:20 INFO  - jmeter.threads.JMeterThread: Thread started: Consultas 1-386 
2015/04/09 04:19:20 INFO  - jmeter.threads.JMeterThread: Thread started: Consultas 1-387 
2015/04/09 04:19:20 INFO  - jmeter.threads.JMeterThread: Thread started: Consultas 1-388 
2015/04/09 04:19:20 INFO  - jmeter.threads.JMeterThread: Thread started: Consultas 1-389 
2015/04/09 04:19:20 INFO  - jmeter.threads.JMeterThread: Thread started: Consultas 1-390 
2015/04/09 04:19:20 INFO  - jmeter.threads.JMeterThread: Thread started: Consultas 1-391 
2015/04/09 04:19:20 INFO  - jmeter.threads.JMeterThread: Thread started: Consultas 1-392 
2015/04/09 04:19:20 INFO  - jmeter.threads.JMeterThread: Thread started: Consultas 1-393 
2015/04/09 04:19:20 INFO  - jmeter.threads.JMeterThread: Thread started: Consultas 1-394 
2015/04/09 04:19:20 INFO  - jmeter.threads.JMeterThread: Thread started: Consultas 1-395 
2015/04/09 04:19:20 INFO  - jmeter.threads.JMeterThread: Thread started: Consultas 1-396 
2015/04/09 04:19:20 INFO  - jmeter.threads.JMeterThread: Thread started: Consultas 1-397 
2015/04/09 04:19:20 INFO  - jmeter.threads.JMeterThread: Thread started: Consultas 1-398 
2015/04/09 04:19:20 INFO  - jmeter.threads.JMeterThread: Thread started: Consultas 1-399 
2015/04/09 04:19:20 INFO  - jmeter.threads.JMeterThread: Thread started: Consultas 1-400 
2015/04/09 04:19:20 INFO  - jmeter.threads.JMeterThread: Thread started: Consultas 1-401 
2015/04/09 04:19:20 INFO  - jmeter.threads.JMeterThread: Thread started: Consultas 1-402 
2015/04/09 04:19:20 INFO  - jmeter.threads.JMeterThread: Thread started: Consultas 1-403 
2015/04/09 04:19:20 INFO  - jmeter.threads.JMeterThread: Thread started: Consultas 1-404 
2015/04/09 04:19:20 INFO  - jmeter.threads.JMeterThread: Thread started: Consultas 1-405 
2015/04/09 04:19:20 INFO  - jmeter.threads.JMeterThread: Thread started: Consultas 1-406 
2015/04/09 04:19:20 INFO  - jmeter.threads.JMeterThread: Thread started: Consultas 1-407 
2015/04/09 04:19:20 INFO  - jmeter.threads.JMeterThread: Thread started: Consultas 1-408 
2015/04/09 04:19:20 INFO  - jmeter.threads.JMeterThread: Thread started: Consultas 1-409 
2015/04/09 04:19:20 INFO  - jmeter.threads.JMeterThread: Thread started: Consultas 1-410 
2015/04/09 04:19:20 INFO  - jmeter.threads.JMeterThread: Thread started: Consultas 1-411 
2015/04/09 04:19:20 INFO  - jmeter.threads.JMeterThread: Thread started: Consultas 1-412 
2015/04/09 04:19:20 INFO  - jmeter.threads.JMeterThread: Thread started: Consultas 1-413 
2015/04/09 04:19:20 INFO  - jmeter.threads.JMeterThread: Thread started: Consultas 1-414 
2015/04/09 04:19:20 INFO  - jmeter.threads.JMeterThread: Thread started: Consultas 1-415 
2015/04/09 04:19:20 INFO  - jmeter.threads.JMeterThread: Thread started: Consultas 1-416 
2015/04/09 04:19:20 INFO  - jmeter.threads.JMeterThread: Thread started: Consultas 1-417 
2015/04/09 04:19:20 INFO  - jmeter.threads.JMeterThread: Thread started: Consultas 1-418 
2015/04/09 04:19:20 INFO  - jmeter.threads.JMeterThread: Thread started: Consultas 1-419 
2015/04/09 04:19:20 INFO  - jmeter.threads.JMeterThread: Thread started: Consultas 1-420 
2015/04/09 04:19:20 INFO  - jmeter.threads.JMeterThread: Thread started: Consultas 1-421 
2015/04/09 04:19:20 INFO  - jmeter.threads.JMeterThread: Thread started: Consultas 1-422 
2015/04/09 04:19:20 INFO  - jmeter.threads.JMeterThread: Thread started: Consultas 1-423 
2015/04/09 04:19:20 INFO  - jmeter.threads.JMeterThread: Thread started: Consultas 1-424 
2015/04/09 04:19:20 INFO  - jmeter.threads.JMeterThread: Thread started: Consultas 1-425 
2015/04/09 04:19:20 INFO  - jmeter.threads.JMeterThread: Thread started: Consultas 1-426 
2015/04/09 04:19:20 INFO  - jmeter.threads.JMeterThread: Thread started: Consultas 1-427 
2015/04/09 04:19:20 INFO  - jmeter.threads.JMeterThread: Thread started: Consultas 1-428 
2015/04/09 04:19:20 INFO  - jmeter.threads.JMeterThread: Thread started: Consultas 1-429 
2015/04/09 04:19:20 INFO  - jmeter.threads.JMeterThread: Thread started: Consultas 1-430 
2015/04/09 04:19:20 INFO  - jmeter.threads.JMeterThread: Thread started: Consultas 1-431 
2015/04/09 04:19:20 INFO  - jmeter.threads.JMeterThread: Thread started: Consultas 1-432 
2015/04/09 04:19:20 INFO  - jmeter.threads.JMeterThread: Thread started: Consultas 1-433 
2015/04/09 04:19:20 INFO  - jmeter.threads.JMeterThread: Thread started: Consultas 1-434 
2015/04/09 04:19:21 INFO  - jmeter.threads.JMeterThread: Thread started: Consultas 1-435 
2015/04/09 04:19:21 INFO  - jmeter.threads.JMeterThread: Thread started: Consultas 1-436 
2015/04/09 04:19:21 INFO  - jmeter.threads.JMeterThread: Thread started: Consultas 1-437 
2015/04/09 04:19:21 INFO  - jmeter.threads.JMeterThread: Thread started: Consultas 1-438 
2015/04/09 04:19:21 INFO  - jmeter.threads.JMeterThread: Thread started: Consultas 1-439 
2015/04/09 04:19:21 INFO  - jmeter.threads.JMeterThread: Thread started: Consultas 1-440 
2015/04/09 04:19:21 INFO  - jmeter.threads.JMeterThread: Thread started: Consultas 1-441 
2015/04/09 04:19:21 INFO  - jmeter.threads.JMeterThread: Thread started: Consultas 1-442 
2015/04/09 04:19:21 INFO  - jmeter.threads.JMeterThread: Thread started: Consultas 1-443 
2015/04/09 04:19:21 INFO  - jmeter.threads.JMeterThread: Thread started: Consultas 1-444 
2015/04/09 04:19:21 INFO  - jmeter.threads.JMeterThread: Thread started: Consultas 1-445 
2015/04/09 04:19:21 INFO  - jmeter.threads.JMeterThread: Thread started: Consultas 1-446 
2015/04/09 04:19:21 INFO  - jmeter.threads.JMeterThread: Thread started: Consultas 1-447 
2015/04/09 04:19:21 INFO  - jmeter.threads.JMeterThread: Thread started: Consultas 1-448 
2015/04/09 04:19:21 INFO  - jmeter.threads.JMeterThread: Thread started: Consultas 1-449 
2015/04/09 04:19:21 INFO  - jmeter.threads.JMeterThread: Thread started: Consultas 1-450 
2015/04/09 04:19:21 INFO  - jmeter.threads.JMeterThread: Thread started: Consultas 1-451 
2015/04/09 04:19:21 INFO  - jmeter.threads.JMeterThread: Thread started: Consultas 1-452 
2015/04/09 04:19:21 INFO  - jmeter.threads.JMeterThread: Thread started: Consultas 1-453 
2015/04/09 04:19:21 INFO  - jmeter.threads.JMeterThread: Thread started: Consultas 1-454 
2015/04/09 04:19:21 INFO  - jmeter.threads.JMeterThread: Thread started: Consultas 1-455 
2015/04/09 04:19:21 INFO  - jmeter.threads.JMeterThread: Thread started: Consultas 1-456 
2015/04/09 04:19:21 INFO  - jmeter.threads.JMeterThread: Thread started: Consultas 1-457 
2015/04/09 04:19:21 INFO  - jmeter.threads.JMeterThread: Thread started: Consultas 1-458 
2015/04/09 04:19:21 INFO  - jmeter.threads.JMeterThread: Thread started: Consultas 1-459 
2015/04/09 04:19:21 INFO  - jmeter.threads.JMeterThread: Thread started: Consultas 1-460 
2015/04/09 04:19:21 INFO  - jmeter.threads.JMeterThread: Thread started: Consultas 1-461 
2015/04/09 04:19:21 INFO  - jmeter.threads.JMeterThread: Thread started: Consultas 1-462 
2015/04/09 04:19:21 INFO  - jmeter.threads.JMeterThread: Thread started: Consultas 1-463 
2015/04/09 04:19:21 INFO  - jmeter.threads.JMeterThread: Thread started: Consultas 1-464 
2015/04/09 04:19:21 INFO  - jmeter.threads.JMeterThread: Thread started: Consultas 1-465 
2015/04/09 04:19:21 INFO  - jmeter.threads.JMeterThread: Thread started: Consultas 1-466 
2015/04/09 04:19:21 INFO  - jmeter.threads.JMeterThread: Thread started: Consultas 1-467 
2015/04/09 04:19:21 INFO  - jmeter.threads.JMeterThread: Thread started: Consultas 1-468 
2015/04/09 04:19:21 INFO  - jmeter.threads.JMeterThread: Thread started: Consultas 1-469 
2015/04/09 04:19:21 INFO  - jmeter.threads.JMeterThread: Thread started: Consultas 1-470 
2015/04/09 04:19:21 INFO  - jmeter.threads.JMeterThread: Thread started: Consultas 1-471 
2015/04/09 04:19:21 INFO  - jmeter.threads.JMeterThread: Thread started: Consultas 1-472 
2015/04/09 04:19:21 INFO  - jmeter.threads.JMeterThread: Thread started: Consultas 1-473 
2015/04/09 04:19:21 INFO  - jmeter.threads.JMeterThread: Thread started: Consultas 1-474 
2015/04/09 04:19:21 INFO  - jmeter.threads.JMeterThread: Thread started: Consultas 1-475 
2015/04/09 04:19:21 INFO  - jmeter.threads.JMeterThread: Thread started: Consultas 1-476 
2015/04/09 04:19:21 INFO  - jmeter.threads.JMeterThread: Thread started: Consultas 1-477 
2015/04/09 04:19:21 INFO  - jmeter.threads.JMeterThread: Thread started: Consultas 1-478 
2015/04/09 04:19:21 INFO  - jmeter.threads.JMeterThread: Thread started: Consultas 1-479 
2015/04/09 04:19:21 INFO  - jmeter.threads.JMeterThread: Thread started: Consultas 1-480 
2015/04/09 04:19:21 INFO  - jmeter.threads.JMeterThread: Thread started: Consultas 1-485 
2015/04/09 04:19:21 INFO  - jmeter.threads.JMeterThread: Thread started: Consultas 1-484 
2015/04/09 04:19:21 INFO  - jmeter.threads.JMeterThread: Thread started: Consultas 1-483 
2015/04/09 04:19:21 INFO  - jmeter.threads.JMeterThread: Thread started: Consultas 1-482 
2015/04/09 04:19:21 INFO  - jmeter.threads.JMeterThread: Thread started: Consultas 1-487 
2015/04/09 04:19:21 INFO  - jmeter.threads.JMeterThread: Thread started: Consultas 1-481 
2015/04/09 04:19:21 INFO  - jmeter.threads.JMeterThread: Thread started: Consultas 1-486 
2015/04/09 04:19:22 INFO  - jmeter.threads.JMeterThread: Thread started: Consultas 1-488 
2015/04/09 04:19:22 INFO  - jmeter.threads.JMeterThread: Thread started: Consultas 1-489 
2015/04/09 04:19:22 INFO  - jmeter.threads.JMeterThread: Thread started: Consultas 1-490 
2015/04/09 04:19:22 INFO  - jmeter.threads.JMeterThread: Thread started: Consultas 1-491 
2015/04/09 04:19:22 INFO  - jmeter.threads.JMeterThread: Thread started: Consultas 1-492 
2015/04/09 04:19:22 INFO  - jmeter.threads.JMeterThread: Thread started: Consultas 1-493 
2015/04/09 04:19:22 INFO  - jmeter.threads.JMeterThread: Thread started: Consultas 1-494 
2015/04/09 04:19:22 INFO  - jmeter.threads.JMeterThread: Thread started: Consultas 1-495 
2015/04/09 04:19:22 INFO  - jmeter.threads.JMeterThread: Thread started: Consultas 1-496 
2015/04/09 04:19:22 INFO  - jmeter.threads.JMeterThread: Thread started: Consultas 1-497 
2015/04/09 04:19:22 INFO  - jmeter.threads.JMeterThread: Thread started: Consultas 1-498 
2015/04/09 04:19:22 INFO  - jmeter.threads.JMeterThread: Thread started: Consultas 1-499 
2015/04/09 04:19:22 INFO  - jmeter.threads.JMeterThread: Thread started: Consultas 1-500 
2015/04/09 04:19:22 INFO  - jmeter.threads.JMeterThread: Thread started: Consultas 1-501 
2015/04/09 04:19:22 INFO  - jmeter.threads.JMeterThread: Thread started: Consultas 1-502 
2015/04/09 04:19:22 INFO  - jmeter.threads.JMeterThread: Thread started: Consultas 1-503 
2015/04/09 04:19:22 INFO  - jmeter.threads.JMeterThread: Thread started: Consultas 1-504 
2015/04/09 04:19:22 INFO  - jmeter.threads.JMeterThread: Thread started: Consultas 1-505 
2015/04/09 04:19:22 INFO  - jmeter.threads.JMeterThread: Thread started: Consultas 1-506 
2015/04/09 04:19:22 INFO  - jmeter.threads.JMeterThread: Thread started: Consultas 1-507 
2015/04/09 04:19:22 INFO  - jmeter.threads.JMeterThread: Thread started: Consultas 1-508 
2015/04/09 04:19:22 INFO  - jmeter.threads.JMeterThread: Thread started: Consultas 1-509 
2015/04/09 04:19:22 INFO  - jmeter.threads.JMeterThread: Thread started: Consultas 1-510 
2015/04/09 04:19:22 INFO  - jmeter.threads.JMeterThread: Thread started: Consultas 1-511 
2015/04/09 04:19:22 INFO  - jmeter.threads.JMeterThread: Thread started: Consultas 1-512 
2015/04/09 04:19:22 INFO  - jmeter.threads.JMeterThread: Thread started: Consultas 1-513 
2015/04/09 04:19:22 INFO  - jmeter.threads.JMeterThread: Thread started: Consultas 1-514 
2015/04/09 04:19:22 INFO  - jmeter.threads.JMeterThread: Thread started: Consultas 1-516 
2015/04/09 04:19:22 INFO  - jmeter.threads.JMeterThread: Thread started: Consultas 1-515 
2015/04/09 04:19:22 INFO  - jmeter.threads.JMeterThread: Thread started: Consultas 1-517 
2015/04/09 04:19:22 INFO  - jmeter.threads.JMeterThread: Thread started: Consultas 1-518 
2015/04/09 04:19:22 INFO  - jmeter.threads.JMeterThread: Thread started: Consultas 1-519 
2015/04/09 04:19:22 INFO  - jmeter.threads.JMeterThread: Thread started: Consultas 1-520 
2015/04/09 04:19:22 INFO  - jmeter.threads.JMeterThread: Thread started: Consultas 1-521 
2015/04/09 04:19:22 INFO  - jmeter.threads.JMeterThread: Thread started: Consultas 1-522 
2015/04/09 04:19:22 INFO  - jmeter.threads.JMeterThread: Thread started: Consultas 1-523 
2015/04/09 04:19:22 INFO  - jmeter.threads.JMeterThread: Thread started: Consultas 1-524 
2015/04/09 04:19:22 INFO  - jmeter.threads.JMeterThread: Thread started: Consultas 1-525 
2015/04/09 04:19:22 INFO  - jmeter.threads.JMeterThread: Thread started: Consultas 1-526 
2015/04/09 04:19:22 INFO  - jmeter.threads.JMeterThread: Thread started: Consultas 1-527 
2015/04/09 04:19:22 INFO  - jmeter.threads.JMeterThread: Thread started: Consultas 1-528 
2015/04/09 04:19:22 INFO  - jmeter.threads.JMeterThread: Thread started: Consultas 1-529 
2015/04/09 04:19:22 INFO  - jmeter.threads.JMeterThread: Thread started: Consultas 1-530 
2015/04/09 04:19:22 INFO  - jmeter.threads.JMeterThread: Thread started: Consultas 1-531 
2015/04/09 04:19:22 INFO  - jmeter.threads.JMeterThread: Thread started: Consultas 1-532 
2015/04/09 04:19:22 INFO  - jmeter.threads.JMeterThread: Thread started: Consultas 1-533 
2015/04/09 04:19:22 INFO  - jmeter.threads.JMeterThread: Thread started: Consultas 1-534 
2015/04/09 04:19:22 INFO  - jmeter.threads.JMeterThread: Thread started: Consultas 1-535 
2015/04/09 04:19:22 INFO  - jmeter.threads.JMeterThread: Thread started: Consultas 1-536 
2015/04/09 04:19:23 INFO  - jmeter.threads.JMeterThread: Thread started: Consultas 1-537 
2015/04/09 04:19:23 INFO  - jmeter.threads.JMeterThread: Thread started: Consultas 1-538 
2015/04/09 04:19:23 INFO  - jmeter.threads.JMeterThread: Thread started: Consultas 1-539 
2015/04/09 04:19:23 INFO  - jmeter.threads.JMeterThread: Thread started: Consultas 1-540 
2015/04/09 04:19:23 INFO  - jmeter.threads.JMeterThread: Thread started: Consultas 1-541 
2015/04/09 04:19:23 INFO  - jmeter.threads.JMeterThread: Thread started: Consultas 1-542 
2015/04/09 04:19:23 INFO  - jmeter.threads.JMeterThread: Thread started: Consultas 1-543 
2015/04/09 04:19:23 INFO  - jmeter.threads.JMeterThread: Thread started: Consultas 1-544 
2015/04/09 04:19:23 INFO  - jmeter.threads.JMeterThread: Thread started: Consultas 1-545 
2015/04/09 04:19:23 INFO  - jmeter.threads.JMeterThread: Thread started: Consultas 1-546 
2015/04/09 04:19:23 INFO  - jmeter.threads.JMeterThread: Thread started: Consultas 1-547 
2015/04/09 04:19:23 INFO  - jmeter.threads.JMeterThread: Thread started: Consultas 1-548 
2015/04/09 04:19:23 INFO  - jmeter.threads.JMeterThread: Thread started: Consultas 1-549 
2015/04/09 04:19:23 INFO  - jmeter.threads.JMeterThread: Thread started: Consultas 1-550 
2015/04/09 04:19:23 INFO  - jmeter.threads.JMeterThread: Thread started: Consultas 1-551 
2015/04/09 04:19:23 INFO  - jmeter.threads.JMeterThread: Thread started: Consultas 1-552 
2015/04/09 04:19:23 INFO  - jmeter.threads.JMeterThread: Thread started: Consultas 1-553 
2015/04/09 04:19:23 INFO  - jmeter.threads.JMeterThread: Thread started: Consultas 1-554 
2015/04/09 04:19:23 INFO  - jmeter.threads.JMeterThread: Thread started: Consultas 1-555 
2015/04/09 04:19:23 INFO  - jmeter.threads.JMeterThread: Thread started: Consultas 1-556 
2015/04/09 04:19:23 INFO  - jmeter.threads.JMeterThread: Thread started: Consultas 1-557 
2015/04/09 04:19:23 INFO  - jmeter.threads.JMeterThread: Thread started: Consultas 1-558 
2015/04/09 04:19:23 INFO  - jmeter.threads.JMeterThread: Thread started: Consultas 1-559 
2015/04/09 04:19:23 INFO  - jmeter.threads.JMeterThread: Thread started: Consultas 1-560 
2015/04/09 04:19:23 INFO  - jmeter.threads.JMeterThread: Thread started: Consultas 1-561 
2015/04/09 04:19:23 INFO  - jmeter.threads.JMeterThread: Thread started: Consultas 1-562 
2015/04/09 04:19:23 INFO  - jmeter.threads.JMeterThread: Thread started: Consultas 1-563 
2015/04/09 04:19:23 INFO  - jmeter.threads.JMeterThread: Thread started: Consultas 1-564 
2015/04/09 04:19:23 INFO  - jmeter.threads.JMeterThread: Thread started: Consultas 1-565 
2015/04/09 04:19:23 INFO  - jmeter.threads.JMeterThread: Thread started: Consultas 1-566 
2015/04/09 04:19:23 INFO  - jmeter.threads.JMeterThread: Thread started: Consultas 1-567 
2015/04/09 04:19:23 INFO  - jmeter.threads.JMeterThread: Thread started: Consultas 1-568 
2015/04/09 04:19:23 INFO  - jmeter.threads.JMeterThread: Thread started: Consultas 1-569 
2015/04/09 04:19:23 INFO  - jmeter.threads.JMeterThread: Thread started: Consultas 1-570 
2015/04/09 04:19:23 INFO  - jmeter.threads.JMeterThread: Thread started: Consultas 1-571 
2015/04/09 04:19:23 INFO  - jmeter.threads.JMeterThread: Thread started: Consultas 1-572 
2015/04/09 04:19:23 INFO  - jmeter.threads.JMeterThread: Thread started: Consultas 1-573 
2015/04/09 04:19:23 INFO  - jmeter.threads.JMeterThread: Thread started: Consultas 1-574 
2015/04/09 04:19:23 INFO  - jmeter.threads.JMeterThread: Thread started: Consultas 1-575 
2015/04/09 04:19:23 INFO  - jmeter.threads.JMeterThread: Thread started: Consultas 1-576 
2015/04/09 04:19:23 INFO  - jmeter.threads.JMeterThread: Thread started: Consultas 1-577 
2015/04/09 04:19:23 INFO  - jmeter.threads.JMeterThread: Thread started: Consultas 1-578 
2015/04/09 04:19:23 INFO  - jmeter.threads.JMeterThread: Thread started: Consultas 1-579 
2015/04/09 04:19:23 INFO  - jmeter.threads.JMeterThread: Thread started: Consultas 1-580 
2015/04/09 04:19:23 INFO  - jmeter.threads.JMeterThread: Thread started: Consultas 1-581 
2015/04/09 04:19:23 INFO  - jmeter.threads.JMeterThread: Thread started: Consultas 1-582 
2015/04/09 04:19:23 INFO  - jmeter.threads.JMeterThread: Thread started: Consultas 1-583 
2015/04/09 04:19:23 INFO  - jmeter.threads.JMeterThread: Thread started: Consultas 1-584 
2015/04/09 04:19:24 INFO  - jmeter.threads.JMeterThread: Thread started: Consultas 1-585 
2015/04/09 04:19:24 INFO  - jmeter.threads.JMeterThread: Thread started: Consultas 1-586 
2015/04/09 04:19:24 INFO  - jmeter.threads.JMeterThread: Thread started: Consultas 1-587 
2015/04/09 04:19:24 INFO  - jmeter.threads.JMeterThread: Thread started: Consultas 1-588 
2015/04/09 04:19:24 INFO  - jmeter.threads.JMeterThread: Thread started: Consultas 1-589 
2015/04/09 04:19:24 INFO  - jmeter.threads.JMeterThread: Thread started: Consultas 1-590 
2015/04/09 04:19:24 INFO  - jmeter.threads.JMeterThread: Thread started: Consultas 1-591 
2015/04/09 04:19:24 INFO  - jmeter.threads.JMeterThread: Thread started: Consultas 1-592 
2015/04/09 04:19:24 INFO  - jmeter.threads.JMeterThread: Thread started: Consultas 1-593 
2015/04/09 04:19:24 INFO  - jmeter.threads.JMeterThread: Thread started: Consultas 1-594 
2015/04/09 04:19:24 INFO  - jmeter.threads.JMeterThread: Thread started: Consultas 1-595 
2015/04/09 04:19:24 INFO  - jmeter.threads.JMeterThread: Thread started: Consultas 1-596 
2015/04/09 04:19:24 INFO  - jmeter.threads.JMeterThread: Thread started: Consultas 1-597 
2015/04/09 04:19:24 INFO  - jmeter.threads.JMeterThread: Thread started: Consultas 1-598 
2015/04/09 04:19:24 INFO  - jmeter.threads.JMeterThread: Thread started: Consultas 1-599 
2015/04/09 04:19:24 INFO  - jmeter.threads.JMeterThread: Thread started: Consultas 1-600 
2015/04/09 04:19:24 INFO  - jmeter.threads.JMeterThread: Thread started: Consultas 1-601 
2015/04/09 04:19:24 INFO  - jmeter.threads.JMeterThread: Thread started: Consultas 1-602 
2015/04/09 04:19:24 INFO  - jmeter.threads.JMeterThread: Thread started: Consultas 1-603 
2015/04/09 04:19:24 INFO  - jmeter.threads.JMeterThread: Thread started: Consultas 1-604 
2015/04/09 04:19:24 INFO  - jmeter.threads.JMeterThread: Thread started: Consultas 1-605 
2015/04/09 04:19:24 INFO  - jmeter.threads.JMeterThread: Thread started: Consultas 1-606 
2015/04/09 04:19:24 INFO  - jmeter.threads.JMeterThread: Thread started: Consultas 1-607 
2015/04/09 04:19:24 INFO  - jmeter.threads.JMeterThread: Thread started: Consultas 1-608 
2015/04/09 04:19:24 INFO  - jmeter.threads.JMeterThread: Thread started: Consultas 1-609 
2015/04/09 04:19:24 INFO  - jmeter.threads.JMeterThread: Thread started: Consultas 1-610 
2015/04/09 04:19:24 INFO  - jmeter.threads.JMeterThread: Thread started: Consultas 1-611 
2015/04/09 04:19:24 INFO  - jmeter.threads.JMeterThread: Thread started: Consultas 1-612 
2015/04/09 04:19:24 INFO  - jmeter.threads.JMeterThread: Thread started: Consultas 1-613 
2015/04/09 04:19:24 INFO  - jmeter.threads.JMeterThread: Thread started: Consultas 1-614 
2015/04/09 04:19:24 INFO  - jmeter.threads.JMeterThread: Thread started: Consultas 1-615 
2015/04/09 04:19:24 INFO  - jmeter.threads.JMeterThread: Thread started: Consultas 1-616 
2015/04/09 04:19:24 INFO  - jmeter.threads.JMeterThread: Thread started: Consultas 1-617 
2015/04/09 04:19:24 INFO  - jmeter.threads.JMeterThread: Thread started: Consultas 1-618 
2015/04/09 04:19:24 INFO  - jmeter.threads.JMeterThread: Thread started: Consultas 1-619 
2015/04/09 04:19:24 INFO  - jmeter.threads.JMeterThread: Thread started: Consultas 1-620 
2015/04/09 04:19:24 INFO  - jmeter.threads.JMeterThread: Thread started: Consultas 1-621 
2015/04/09 04:19:24 INFO  - jmeter.threads.JMeterThread: Thread started: Consultas 1-622 
2015/04/09 04:19:24 INFO  - jmeter.threads.JMeterThread: Thread started: Consultas 1-623 
2015/04/09 04:19:24 INFO  - jmeter.threads.JMeterThread: Thread started: Consultas 1-624 
2015/04/09 04:19:24 INFO  - jmeter.threads.JMeterThread: Thread started: Consultas 1-625 
2015/04/09 04:20:24 INFO  - jmeter.threads.JMeterThread: Thread finished: Consultas 1-2 
2015/04/09 04:20:24 INFO  - jmeter.engine.StandardJMeterEngine: Ending thread Consultas 1-2 
2015/04/09 04:20:27 INFO  - jmeter.threads.JMeterThread: Thread finished: Consultas 1-13 
2015/04/09 04:20:27 INFO  - jmeter.engine.StandardJMeterEngine: Ending thread Consultas 1-13 
2015/04/09 04:20:28 INFO  - jmeter.threads.JMeterThread: Thread finished: Consultas 1-50 
2015/04/09 04:20:28 INFO  - jmeter.engine.StandardJMeterEngine: Ending thread Consultas 1-50 
2015/04/09 04:20:37 INFO  - jmeter.threads.JMeterThread: Thread finished: Consultas 1-31 
2015/04/09 04:20:37 INFO  - jmeter.engine.StandardJMeterEngine: Ending thread Consultas 1-31 
2015/04/09 04:20:45 INFO  - jmeter.threads.JMeterThread: Thread finished: Consultas 1-77 
2015/04/09 04:20:45 INFO  - jmeter.threads.JMeterThread: Thread finished: Consultas 1-73 
2015/04/09 04:20:45 INFO  - jmeter.threads.JMeterThread: Thread finished: Consultas 1-15 
2015/04/09 04:20:47 INFO  - jmeter.engine.StandardJMeterEngine: Ending thread Consultas 1-77 
2015/04/09 04:20:48 INFO  - jmeter.engine.StandardJMeterEngine: Ending thread Consultas 1-73 
2015/04/09 04:20:48 INFO  - jmeter.engine.StandardJMeterEngine: Ending thread Consultas 1-15 
2015/04/09 04:21:22 INFO  - jmeter.threads.JMeterThread: Thread finished: Consultas 1-12 
2015/04/09 04:21:22 INFO  - jmeter.engine.StandardJMeterEngine: Ending thread Consultas 1-12 
2015/04/09 04:22:17 INFO  - jmeter.threads.JMeterThread: Thread finished: Consultas 1-8 
2015/04/09 04:22:18 INFO  - jmeter.threads.JMeterThread: Thread finished: Consultas 1-82 
2015/04/09 04:22:17 INFO  - jmeter.threads.JMeterThread: Thread finished: Consultas 1-88 
2015/04/09 04:22:17 INFO  - jmeter.threads.JMeterThread: Thread finished: Consultas 1-81 
2015/04/09 04:22:17 INFO  - jmeter.threads.JMeterThread: Thread finished: Consultas 1-16 
2015/04/09 04:22:17 INFO  - jmeter.threads.JMeterThread: Thread finished: Consultas 1-48 
2015/04/09 04:22:17 INFO  - jmeter.threads.JMeterThread: Thread finished: Consultas 1-32 
2015/04/09 04:22:17 INFO  - jmeter.threads.JMeterThread: Thread finished: Consultas 1-23 
2015/04/09 04:22:17 INFO  - jmeter.threads.JMeterThread: Thread finished: Consultas 1-37 
2015/04/09 04:22:17 INFO  - jmeter.threads.JMeterThread: Thread finished: Consultas 1-90 
2015/04/09 04:22:17 INFO  - jmeter.threads.JMeterThread: Thread finished: Consultas 1-93 
2015/04/09 04:22:17 INFO  - jmeter.threads.JMeterThread: Thread finished: Consultas 1-44 
2015/04/09 04:22:20 INFO  - jmeter.engine.StandardJMeterEngine: Ending thread Consultas 1-8 
2015/04/09 04:24:48 INFO  - jmeter.engine.StandardJMeterEngine: Ending thread Consultas 1-23 
2015/04/09 04:24:48 INFO  - jmeter.engine.StandardJMeterEngine: Ending thread Consultas 1-48 
2015/04/09 04:24:48 INFO  - jmeter.engine.StandardJMeterEngine: Ending thread Consultas 1-16 
2015/04/09 04:24:48 INFO  - jmeter.engine.StandardJMeterEngine: Ending thread Consultas 1-81 
2015/04/09 04:24:48 INFO  - jmeter.engine.StandardJMeterEngine: Ending thread Consultas 1-88 
2015/04/09 04:24:48 INFO  - jmeter.engine.StandardJMeterEngine: Ending thread Consultas 1-93 
2015/04/09 04:24:48 INFO  - jmeter.engine.StandardJMeterEngine: Ending thread Consultas 1-44 
2015/04/09 04:24:48 INFO  - jmeter.engine.StandardJMeterEngine: Ending thread Consultas 1-37 
2015/04/09 04:24:48 INFO  - jmeter.engine.StandardJMeterEngine: Ending thread Consultas 1-82 
2015/04/09 04:24:48 INFO  - jmeter.engine.StandardJMeterEngine: Ending thread Consultas 1-90 
2015/04/09 04:25:58 INFO  - jmeter.engine.StandardJMeterEngine: Ending thread Consultas 1-32 
